
1408744585,Radio,195,2462,1152,Beacn,04:c5:a4:92:59:31,nyuguest

1408744585,Radio,195,2462,1152,Probe,9e:e6:35:95:b3:23,Nintendo_3DS_continuous_scan_000

1408744585,Radio,176,2462,1152,Beacn,14:cf:e2:bc:47:f0,5GB

1408744585,Radio,195,2462,1152,Beacn,04:c5:a4:92:59:33,nyupda

1408744585,Radio,195,2462,1152,Beacn,10:8c:cf:76:25:b0,nyu

1408744585,Radio,208,2462,1152,Beacn,00:3a:98:2b:fd:00,itpsandbox

1408744585,Radio,184,2462,1152,Beacn,00:3a:98:2c:59:a0,itpsandbox

1408744585,Radio,181,2462,1152,Beacn,00:3a:98:2c:66:e0,itpsandbox

1408744585,Radio,195,2462,1152,Beacn,10:8c:cf:76:25:b3,nyupda

1408744585,Radio,195,2462,1152,Beacn,10:8c:cf:76:25:b2,NYU-ROAM3

1408744585,Radio,195,2462,1152,Beacn,04:c5:a4:92:59:30,nyu

1408744585,Radio,195,2462,1152,Beacn,04:c5:a4:92:59:31,nyuguest

1408744585,Radio,176,2462,1152,Beacn,14:cf:e2:bc:47:f0,5GB

1408744585,Radio,195,2462,1152,Beacn,04:c5:a4:92:59:33,nyupda

1408744585,Radio,195,2462,1152,Beacn,10:8c:cf:76:25:b0,nyu

1408744585,Radio,206,2462,1152,Beacn,00:3a:98:2b:fd:00,itpsandbox

1408744585,Radio,196,2462,1152,Beacn,10:8c:cf:76:25:b1,nyuguest

1408744585,Radio,196,2462,1152,Beacn,04:c5:a4:92:59:32,NYU-ROAM3

1408744585,Radio,179,2462,1152,Beacn,04:c5:a4:67:1a:71,nyuguest

1408744585,Radio,183,2462,1152,Beacn,00:3a:98:2c:59:a0,itpsandbox

1408744585,Radio,196,2462,1152,Beacn,10:8c:cf:76:25:b2,NYU-ROAM3

1408744585,Radio,175,2462,1152,Beacn,00:3a:98:2c:66:e0,itpsandbox

1408744585,Radio,195,2462,1152,Beacn,10:8c:cf:76:25:b3,nyupda

1408744585,Radio,196,2462,1152,Beacn,04:c5:a4:92:59:30,nyu

1408744585,Radio,178,2462,1152,Beacn,04:c5:a4:67:1a:72,NYU-ROAM3

1408744585,Radio,195,2462,1152,Beacn,10:8c:cf:76:25:b1,nyuguest

1408744585,Radio,196,2462,1152,Beacn,04:c5:a4:92:59:32,NYU-ROAM3

1408744585,Radio,176,2462,1152,Beacn,00:3a:98:2c:66:e0,itpsandbox

1408744585,Radio,195,2462,1152,Beacn,10:8c:cf:76:25:b3,nyupda

1408744585,Radio,195,2462,1152,Beacn,04:c5:a4:92:59:31,nyuguest

1408744585,Radio,176,2462,1152,Beacn,14:cf:e2:bc:47:f0,5GB

1408744585,Radio,195,2462,1152,Beacn,04:c5:a4:92:59:33,nyupda

1408744585,Radio,195,2462,1152,Beacn,10:8c:cf:76:25:b0,nyu

1408744585,Radio,209,2462,1152,Beacn,00:3a:98:2b:fd:00,itpsandbox

1408744585,Radio,183,2462,1152,Beacn,00:3a:98:2c:59:a0,itpsandbox

1408744585,Radio,195,2462,1152,Beacn,10:8c:cf:76:25:b2,NYU-ROAM3

1408744585,Radio,195,2462,1152,Beacn,04:c5:a4:92:59:30,nyu

1408744585,Radio,197,2462,1152,Probe,9e:e6:35:95:b3:23,Nintendo_3DS_continuous_scan_000

1408744585,Radio,178,2462,1152,Beacn,04:c5:a4:67:1a:72,NYU-ROAM3

1408744585,Radio,195,2462,1152,Beacn,10:8c:cf:76:25:b1,nyuguest

1408744585,Radio,196,2462,1152,Beacn,04:c5:a4:92:59:32,NYU-ROAM3

1408744585,Radio,182,2462,1152,Beacn,00:3a:98:2c:66:e0,itpsandbox

1408744585,Radio,178,2462,1152,Beacn,04:c5:a4:67:1a:71,nyuguest

1408744585,Radio,195,2462,1152,Beacn,10:8c:cf:76:25:b3,nyupda

1408744585,Radio,196,2462,1152,Beacn,04:c5:a4:92:59:31,nyuguest

1408744585,Radio,177,2462,1152,Beacn,14:cf:e2:bc:47:f0,5GB

1408744585,Radio,196,2462,1152,Beacn,04:c5:a4:92:59:33,nyupda

1408744585,Radio,195,2462,1152,Beacn,10:8c:cf:76:25:b0,nyu

1408744585,Radio,206,2462,1152,Beacn,00:3a:98:2b:fd:00,itpsandbox

1408744585,Radio,185,2462,1152,Beacn,00:3a:98:2c:59:a0,itpsandbox

1408744585,Radio,195,2462,1152,Beacn,10:8c:cf:76:25:b2,NYU-ROAM3

1408744585,Radio,196,2462,1152,Beacn,04:c5:a4:92:59:30,nyu

1408744585,Radio,196,2462,1152,Beacn,10:8c:cf:76:25:b1,nyuguest

1408744585,Radio,196,2462,1152,Beacn,04:c5:a4:92:59:32,NYU-ROAM3

1408744585,Radio,176,2462,1152,Beacn,00:3a:98:2c:66:e0,itpsandbox

1408744585,Radio,195,2462,1152,Beacn,10:8c:cf:76:25:b3,nyupda

1408744585,Radio,176,2462,1152,Beacn,14:cf:e2:bc:47:f0,5GB

1408744585,Radio,195,2462,1152,Beacn,04:c5:a4:92:59:31,nyuguest

1408744585,Radio,173,2462,1152,Beacn,14:2d:27:48:bf:24,HP-Print-24-LaserJet 200 color

1408744585,Radio,177,2462,1152,Beacn,04:c5:a4:67:1a:73,nyupda

1408744585,Radio,195,2462,1152,Beacn,04:c5:a4:92:59:33,nyupda

1408744585,Radio,195,2462,1152,Beacn,10:8c:cf:76:25:b0,nyu

1408744585,Radio,208,2462,1152,Beacn,00:3a:98:2b:fd:00,itpsandbox

1408744585,Radio,184,2462,1152,Beacn,00:3a:98:2c:59:a0,itpsandbox

1408744585,Radio,177,2462,1152,Beacn,04:c5:a4:67:1a:70,nyu

1408744585,Radio,172,2462,1152,Probe,00:0e:58:e9:47:c3,Sonos_bGBGLxu11uqZqh405dzIjRV5Hh

1408744585,Radio,195,2462,1152,Beacn,10:8c:cf:76:25:b2,NYU-ROAM3

1408744585,Radio,195,2462,1152,Beacn,04:c5:a4:92:59:30,nyu

1408744585,Radio,178,2462,1152,Beacn,04:c5:a4:67:1a:72,NYU-ROAM3

1408744585,Radio,195,2462,1152,Beacn,10:8c:cf:76:25:b1,nyuguest

1408744585,Radio,196,2462,1152,Beacn,04:c5:a4:92:59:32,NYU-ROAM3

1408744585,Radio,182,2462,1152,Beacn,00:3a:98:2c:66:e0,itpsandbox

1408744585,Radio,177,2462,1152,Beacn,04:c5:a4:67:1a:71,nyuguest

1408744585,Radio,175,2462,1152,Beacn,14:cf:e2:bc:47:f0,5GB

1408744585,Radio,195,2462,1152,Beacn,10:8c:cf:76:25:b3,nyupda

1408744585,Radio,195,2462,1152,Beacn,04:c5:a4:92:59:31,nyuguest

1408744585,Radio,175,2462,1152,Beacn,14:2d:27:48:bf:24,HP-Print-24-LaserJet 200 color

1408744585,Radio,173,2462,1152,Beacn,9c:2a:70:4d:7b:e1,DVW3201B4C

1408744585,Radio,195,2462,1152,Beacn,04:c5:a4:92:59:33,nyupda

1408744585,Radio,177,2462,1152,Beacn,04:c5:a4:67:1a:73,nyupda

1408744585,Radio,197,2462,1152,Probe,9e:e6:35:95:b3:23,Nintendo_3DS_continuous_scan_000

1408744585,Radio,195,2462,1152,Beacn,10:8c:cf:76:25:b0,nyu

1408744585,Radio,205,2462,1152,Beacn,00:3a:98:2b:fd:00,itpsandbox

1408744585,Radio,184,2462,1152,Beacn,00:3a:98:2c:59:a0,itpsandbox

1408744585,Radio,177,2462,1152,Beacn,04:c5:a4:67:1a:70,nyu

1408744585,Radio,174,2462,1152,Beacn,00:12:0e:85:70:58,Jane's Wireless

1408744585,Radio,195,2462,1152,Beacn,10:8c:cf:76:25:b2,NYU-ROAM3

1408744585,Radio,195,2462,1152,Beacn,04:c5:a4:92:59:30,nyu

1408744585,Radio,195,2462,1152,Beacn,04:c5:a4:92:59:32,NYU-ROAM3

1408744585,Radio,176,2462,1152,Beacn,00:3a:98:2c:66:e0,itpsandbox

1408744585,Radio,195,2462,1152,Beacn,10:8c:cf:76:25:b1,nyuguest

1408744585,Radio,175,2462,1152,Beacn,14:cf:e2:bc:47:f0,5GB

1408744585,Radio,195,2462,1152,Beacn,10:8c:cf:76:25:b3,nyupda

1408744585,Radio,195,2462,1152,Beacn,04:c5:a4:92:59:31,nyuguest

1408744585,Radio,174,2462,1152,Beacn,14:2d:27:48:bf:24,HP-Print-24-LaserJet 200 color

1408744585,Radio,195,2462,1152,Beacn,04:c5:a4:92:59:33,nyupda

1408744585,Radio,195,2462,1152,Beacn,10:8c:cf:76:25:b0,nyu

1408744585,Radio,209,2462,1152,Beacn,00:3a:98:2b:fd:00,itpsandbox

1408744585,Radio,183,2462,1152,Beacn,00:3a:98:2c:59:a0,itpsandbox

1408744585,Radio,178,2462,1152,Beacn,04:c5:a4:67:1a:70,nyu

1408744585,Radio,174,2462,1152,Beacn,00:12:0e:85:70:58,Jane's Wireless

1408744585,Radio,195,2462,1152,Beacn,10:8c:cf:76:25:b2,NYU-ROAM3

1408744585,Radio,195,2462,1152,Beacn,04:c5:a4:92:59:30,nyu

1408744585,Radio,178,2462,1152,Beacn,04:c5:a4:67:1a:72,NYU-ROAM3

1408744585,Radio,195,2462,1152,Beacn,10:8c:cf:76:25:b1,nyuguest

1408744585,Radio,182,2462,1152,Beacn,00:3a:98:2c:66:e0,itpsandbox

1408744585,Radio,178,2462,1152,Beacn,04:c5:a4:67:1a:71,nyuguest

1408744585,Radio,175,2462,1152,Beacn,14:cf:e2:bc:47:f0,5GB

1408744585,Radio,195,2462,1152,Beacn,10:8c:cf:76:25:b3,nyupda

1408744585,Radio,174,2462,1152,Beacn,14:2d:27:48:bf:24,HP-Print-24-LaserJet 200 color

1408744585,Radio,195,2462,1152,Beacn,04:c5:a4:92:59:31,nyuguest

1408744586,Radio,178,2462,1152,Beacn,04:c5:a4:67:1a:73,nyupda

1408744586,Radio,195,2462,1152,Beacn,04:c5:a4:92:59:33,nyupda

1408744586,Radio,195,2462,1152,Beacn,10:8c:cf:76:25:b0,nyu

1408744586,Radio,206,2462,1152,Beacn,00:3a:98:2b:fd:00,itpsandbox

1408744586,Radio,183,2462,1152,Beacn,00:3a:98:2c:59:a0,itpsandbox

1408744586,Radio,179,2462,1152,Beacn,04:c5:a4:67:1a:70,nyu

1408744586,Radio,172,2462,1152,Beacn,00:12:0e:85:70:58,Jane's Wireless

1408744586,Radio,195,2462,1152,Beacn,10:8c:cf:76:25:b2,NYU-ROAM3

1408744586,Radio,195,2462,1152,Beacn,04:c5:a4:92:59:30,nyu

1408744586,Radio,196,2462,1152,Probe,9e:e6:35:95:b3:23,Nintendo_3DS_continuous_scan_000

1408744586,Radio,195,2462,1152,Beacn,04:c5:a4:92:59:32,NYU-ROAM3

1408744586,Radio,177,2462,1152,Beacn,04:c5:a4:67:1a:71,nyuguest

1408744586,Radio,175,2462,1152,Beacn,14:cf:e2:bc:47:f0,5GB

1408744586,Radio,195,2462,1152,Beacn,10:8c:cf:76:25:b3,nyupda

1408744586,Radio,195,2462,1152,Beacn,04:c5:a4:92:59:31,nyuguest

1408744586,Radio,180,2462,1152,Beacn,04:c5:a4:67:1a:73,nyupda

1408744586,Radio,195,2462,1152,Beacn,04:c5:a4:92:59:33,nyupda

1408744586,Radio,209,2462,1152,Beacn,00:3a:98:2b:fd:00,itpsandbox

1408744586,Radio,195,2462,1152,Beacn,10:8c:cf:76:25:b0,nyu

1408744586,Radio,173,2462,1152,Beacn,00:12:0e:85:70:58,Jane's Wireless

1408744586,Radio,195,2462,1152,Beacn,10:8c:cf:76:25:b2,NYU-ROAM3

1408744586,Radio,195,2462,1152,Beacn,04:c5:a4:92:59:30,nyu

1408744586,Radio,182,2462,1152,Beacn,00:3a:98:2c:66:e0,itpsandbox

1408744586,Radio,195,2462,1152,Beacn,10:8c:cf:76:25:b1,nyuguest

1408744586,Radio,195,2462,1152,Beacn,04:c5:a4:92:59:32,NYU-ROAM3

1408744586,Radio,175,2462,1152,Beacn,14:cf:e2:bc:47:f0,5GB

1408744586,Radio,172,2462,1152,Beacn,14:2d:27:48:bf:24,HP-Print-24-LaserJet 200 color

1408744586,Radio,195,2462,1152,Beacn,10:8c:cf:76:25:b3,nyupda

1408744586,Radio,195,2462,1152,Beacn,04:c5:a4:92:59:31,nyuguest

1408744586,Radio,171,2412,1152,Beacn,40:70:09:ad:05:80,Suvall

1408744586,Radio,169,2412,1152,Beacn,00:22:6b:41:a4:b2,Farah

1408744586,Radio,166,2412,1152,Beacn,e8:8d:28:5f:2c:83,5J

1408744586,Radio,173,2412,1152,Beacn,30:46:9a:8b:e6:a2,peglegs

1408744586,Radio,190,2412,1152,Beacn,04:c5:a4:92:ae:20,nyu

1408744586,Radio,197,2412,1152,Beacn,04:c5:a4:8d:ca:60,nyu

1408744586,Radio,169,2412,1152,Beacn,00:24:36:a9:02:99,Emily's Wi-Fi Network

1408744586,Radio,181,2412,1152,Beacn,04:c5:a4:81:e8:c2,NYU-ROAM3

1408744586,Radio,197,2412,1152,Beacn,04:c5:a4:8d:ca:62,NYU-ROAM3

1408744586,Radio,197,2412,1152,Beacn,04:c5:a4:8d:ca:61,nyuguest

1408744586,Radio,171,2412,1152,Beacn,20:aa:4b:26:be:b2,Jeff6j

1408744586,Radio,181,2412,1152,Beacn,04:c5:a4:81:e8:c3,nyupda

1408744586,Radio,174,2412,1152,Beacn,48:f8:b3:3a:43:62,Camery

1408744586,Radio,191,2412,1152,Beacn,04:c5:a4:92:ae:23,nyupda

1408744586,Radio,175,2412,1152,Beacn,30:46:9a:8b:e6:a2,peglegs

1408744586,Radio,182,2412,1152,Beacn,04:c5:a4:81:e8:c0,nyu

1408744586,Radio,191,2412,1152,Beacn,04:c5:a4:92:ae:20,nyu

1408744586,Radio,198,2412,1152,Beacn,04:c5:a4:8d:ca:60,nyu

1408744586,Radio,171,2412,1152,Beacn,00:24:36:a9:02:99,Emily's Wi-Fi Network

1408744586,Radio,171,2412,1152,Beacn,2c:b0:5d:2e:5b:68,9G

1408744586,Radio,190,2412,1152,Beacn,04:c5:a4:92:ae:22,NYU-ROAM3

1408744586,Radio,198,2412,1152,Beacn,04:c5:a4:8d:ca:62,NYU-ROAM3

1408744586,Radio,198,2412,1152,Beacn,04:c5:a4:8d:ca:61,nyuguest

1408744586,Radio,190,2412,1152,Beacn,04:c5:a4:92:ae:23,nyupda

1408744586,Radio,176,2412,1152,Beacn,30:46:9a:8b:e6:a2,peglegs

1408744586,Radio,190,2412,1152,Beacn,04:c5:a4:92:ae:20,nyu

1408744586,Radio,197,2412,1152,Beacn,04:c5:a4:8d:ca:60,nyu

1408744586,Radio,176,2412,1152,Beacn,5c:50:15:05:9b:12,NYU-ROAM3

1408744586,Radio,173,2412,1152,Beacn,00:24:36:a9:02:99,Emily's Wi-Fi Network

1408744586,Radio,174,2412,1152,Beacn,2c:b0:5d:2e:5b:68,9G

1408744586,Radio,197,2412,1152,Beacn,04:c5:a4:8d:ca:62,NYU-ROAM3

1408744586,Radio,169,2412,1152,Beacn,08:ed:b9:73:71:be,DDW3611DB

1408744586,Radio,181,2412,1152,Beacn,04:c5:a4:81:e8:c1,nyuguest

1408744586,Radio,189,2412,1152,Beacn,04:c5:a4:92:ae:21,nyuguest

1408744586,Radio,169,2412,1152,Beacn,20:aa:4b:26:be:b2,Jeff6j

1408744586,Radio,167,2412,1152,Beacn,48:f8:b3:3a:62:de,Rachel&Darrin

1408744586,Radio,190,2412,1152,Beacn,04:c5:a4:92:ae:23,nyupda

1408744586,Radio,170,2412,1152,Beacn,40:70:09:ad:05:80,Suvall

1408744586,Radio,169,2412,1152,Beacn,00:22:6b:41:a4:b2,Farah

1408744586,Radio,168,2412,1152,Beacn,22:c9:d0:24:d3:22,oh my zod Guest Network

1408744586,Radio,174,2412,1152,Beacn,30:46:9a:8b:e6:a2,peglegs

1408744586,Radio,197,2412,1152,Beacn,04:c5:a4:8d:ca:60,nyu

1408744586,Radio,171,2412,1152,Beacn,08:ed:b9:73:64:13,DDW36113D

1408744586,Radio,181,2412,1152,Beacn,04:c5:a4:81:e8:c2,NYU-ROAM3

1408744586,Radio,190,2412,1152,Beacn,04:c5:a4:92:ae:22,NYU-ROAM3

1408744586,Radio,181,2412,1152,Beacn,04:c5:a4:81:e8:c1,nyuguest

1408744586,Radio,190,2412,1152,Beacn,04:c5:a4:92:ae:21,nyuguest

1408744586,Radio,181,2412,1152,Beacn,04:c5:a4:81:e8:c3,nyupda

1408744586,Radio,190,2412,1152,Beacn,04:c5:a4:92:ae:23,nyupda

1408744586,Radio,167,2412,1152,Beacn,08:3e:8e:34:df:df,DVW3201B8C

1408744586,Radio,197,2412,1152,Beacn,04:c5:a4:8d:ca:63,nyupda

1408744586,Radio,169,2412,1152,Beacn,00:22:6b:41:a4:b2,Farah

1408744586,Radio,167,2412,1152,Beacn,e8:8d:28:5f:2c:83,5J

1408744586,Radio,165,2412,1152,Probe,9c:a9:e4:93:d0:6c,MLS-WiFi

1408744586,Radio,181,2412,1152,Beacn,04:c5:a4:81:e8:c0,nyu

1408744586,Radio,190,2412,1152,Beacn,04:c5:a4:92:ae:20,nyu

1408744586,Radio,198,2412,1152,Beacn,04:c5:a4:8d:ca:60,nyu

1408744586,Radio,171,2412,1152,Beacn,08:ed:b9:73:64:13,DDW36113D

1408744586,Radio,199,2412,1152,Probe,9e:e6:35:95:b3:23,Nintendo_3DS_continuous_scan_000

1408744586,Radio,168,2412,1152,Beacn,00:24:36:a9:02:99,Emily's Wi-Fi Network

1408744586,Radio,177,2412,1152,Beacn,5c:50:15:05:9b:12,NYU-ROAM3

1408744586,Radio,174,2412,1152,Beacn,2c:b0:5d:2e:5b:68,9G

1408744586,Radio,169,2412,1152,Beacn,30:46:9a:9b:e6:f8,Lafayette

1408744586,Radio,182,2412,1152,Beacn,04:c5:a4:81:e8:c2,NYU-ROAM3

1408744586,Radio,190,2412,1152,Beacn,04:c5:a4:92:ae:22,NYU-ROAM3

1408744586,Radio,181,2412,1152,Beacn,04:c5:a4:81:e8:c1,nyuguest

1408744586,Radio,190,2412,1152,Beacn,04:c5:a4:92:ae:21,nyuguest

1408744586,Radio,164,2412,1152,Beacn,48:f8:b3:3a:62:de,Rachel&Darrin

1408744586,Radio,177,2412,1152,Beacn,48:f8:b3:3a:43:62,Camery

1408744586,Radio,167,2412,1152,Beacn,00:a0:0a:af:1e:cd,MTA2411

1408744586,Radio,181,2412,1152,Beacn,04:c5:a4:81:e8:c3,nyupda

1408744586,Radio,198,2412,1152,Beacn,04:c5:a4:8d:ca:63,nyupda

1408744586,Radio,169,2412,1152,Beacn,00:22:6b:41:a4:b2,Farah

1408744586,Radio,168,2412,1152,Beacn,e8:8d:28:5f:2c:83,5J

1408744586,Radio,175,2412,1152,Beacn,30:46:9a:8b:e6:a2,peglegs

1408744586,Radio,166,2412,1152,Probe,e8:8d:28:c5:cb:6c,BROADCAST

1408744586,Radio,166,2412,1152,Beacn,c0:c1:c0:11:a9:bd,jmcguirl-guest

1408744586,Radio,181,2412,1152,Beacn,04:c5:a4:81:e8:c0,nyu

1408744586,Radio,190,2412,1152,Beacn,04:c5:a4:92:ae:20,nyu

1408744586,Radio,167,2412,1152,Beacn,08:ed:b9:73:64:13,DDW36113D

1408744586,Radio,198,2412,1152,Beacn,04:c5:a4:8d:ca:60,nyu

1408744586,Radio,169,2412,1152,Beacn,00:24:36:a9:02:99,Emily's Wi-Fi Network

1408744586,Radio,168,2412,1152,Beacn,30:46:9a:9b:e6:f8,Lafayette

1408744586,Radio,181,2412,1152,Beacn,04:c5:a4:81:e8:c2,NYU-ROAM3

1408744586,Radio,190,2412,1152,Beacn,04:c5:a4:92:ae:22,NYU-ROAM3

1408744586,Radio,198,2412,1152,Beacn,04:c5:a4:8d:ca:62,NYU-ROAM3

1408744586,Radio,169,2412,1152,Beacn,f8:e4:fb:d8:cc:a1,LDL4Q

1408744586,Radio,181,2412,1152,Beacn,04:c5:a4:81:e8:c1,nyuguest

1408744586,Radio,166,2412,1152,Beacn,48:f8:b3:3a:62:de,Rachel&Darrin

1408744586,Radio,168,2412,1152,Beacn,00:a0:0a:af:1e:cd,MTA2411

1408744586,Radio,181,2412,1152,Beacn,04:c5:a4:81:e8:c3,nyupda

1408744586,Radio,190,2412,1152,Beacn,04:c5:a4:92:ae:23,nyupda

1408744586,Radio,171,2412,1152,Beacn,00:22:6b:41:a4:b2,Farah

1408744586,Radio,198,2412,1152,Beacn,04:c5:a4:8d:ca:63,nyupda

1408744586,Radio,165,2412,1152,Beacn,20:c9:d0:24:d3:21,oh my zod

1408744586,Radio,175,2412,1152,Beacn,30:46:9a:8b:e6:a2,peglegs

1408744586,Radio,177,2412,1152,Beacn,5c:50:15:05:9b:10,nyu

1408744586,Radio,168,2412,1152,Beacn,04:c5:a4:92:7f:90,nyu

1408744586,Radio,181,2412,1152,Beacn,04:c5:a4:81:e8:c0,nyu

1408744586,Radio,190,2412,1152,Beacn,04:c5:a4:92:ae:20,nyu

1408744586,Radio,167,2412,1152,Beacn,08:ed:b9:73:64:13,DDW36113D

1408744586,Radio,198,2412,1152,Beacn,04:c5:a4:8d:ca:60,nyu

1408744586,Radio,169,2412,1152,Beacn,00:24:36:a9:02:99,Emily's Wi-Fi Network

1408744586,Radio,167,2412,1152,Beacn,30:46:9a:9b:e6:f8,Lafayette

1408744586,Radio,181,2412,1152,Beacn,04:c5:a4:81:e8:c2,NYU-ROAM3

1408744586,Radio,166,2412,1152,Beacn,10:a5:d0:ff:c0:12,Samsung Galaxy S 5 7944

1408744586,Radio,198,2412,1152,Beacn,04:c5:a4:8d:ca:62,NYU-ROAM3

1408744586,Radio,177,2412,1152,Beacn,5c:50:15:05:9b:11,nyuguest

1408744586,Radio,181,2412,1152,Beacn,04:c5:a4:81:e8:c1,nyuguest

1408744586,Radio,171,2412,1152,Beacn,20:aa:4b:26:be:b2,Jeff6j

1408744586,Radio,190,2412,1152,Beacn,04:c5:a4:92:ae:21,nyuguest

1408744586,Radio,198,2412,1152,Beacn,04:c5:a4:8d:ca:61,nyuguest

1408744586,Radio,178,2412,1152,Beacn,5c:50:15:05:9b:13,nyupda

1408744586,Radio,198,2412,1152,Beacn,04:c5:a4:8d:ca:63,nyupda

1408744586,Radio,174,2412,1152,Beacn,30:46:9a:8b:e6:a2,peglegs

1408744586,Radio,177,2412,1152,Beacn,5c:50:15:05:9b:10,nyu

1408744586,Radio,168,2412,1152,Beacn,2c:41:38:77:bf:f4,HP77BFF4

1408744586,Radio,181,2412,1152,Beacn,04:c5:a4:81:e8:c0,nyu

1408744586,Radio,198,2412,1152,Beacn,04:c5:a4:8d:ca:60,nyu

1408744586,Radio,168,2412,1152,Beacn,00:24:36:a9:02:99,Emily's Wi-Fi Network

1408744586,Radio,175,2412,1152,Beacn,2c:b0:5d:2e:5b:68,9G

1408744587,Radio,181,2412,1152,Beacn,04:c5:a4:81:e8:c2,NYU-ROAM3

1408744587,Radio,190,2412,1152,Beacn,04:c5:a4:92:ae:22,NYU-ROAM3

1408744587,Radio,198,2412,1152,Beacn,04:c5:a4:8d:ca:62,NYU-ROAM3

1408744587,Radio,167,2412,1152,Beacn,04:c5:a4:92:7f:91,nyuguest

1408744587,Radio,177,2412,1152,Beacn,5c:50:15:05:9b:11,nyuguest

1408744587,Radio,198,2412,1152,Beacn,04:c5:a4:8d:ca:61,nyuguest

1408744587,Radio,167,2412,1152,Beacn,48:f8:b3:3a:62:de,Rachel&Darrin

1408744587,Radio,168,2412,1152,Beacn,00:a0:0a:af:1e:cd,MTA2411

1408744587,Radio,164,2412,1152,Data,00:1f:3c:0c:20:8b,ac:22:0b:32:ff:d8

1408744587,Radio,177,2412,1152,Beacn,5c:50:15:05:9b:13,nyupda

1408744587,Radio,167,2412,1152,Beacn,08:3e:8e:34:df:df,DVW3201B8C

1408744587,Radio,181,2412,1152,Beacn,04:c5:a4:81:e8:c3,nyupda

1408744587,Radio,198,2412,1152,Beacn,04:c5:a4:8d:ca:63,nyupda

1408744587,Radio,177,2412,1152,Beacn,5c:50:15:05:9b:10,nyu

1408744587,Radio,169,2412,1152,Beacn,2c:41:38:77:bf:f4,HP77BFF4

1408744587,Radio,174,2412,1152,Beacn,2c:b0:5d:2e:5b:68,9G

1408744587,Radio,164,2412,1152,Beacn,30:46:9a:9b:e6:f8,Lafayette

1408744587,Radio,176,2412,1152,Beacn,5c:50:15:05:9b:12,NYU-ROAM3

1408744587,Radio,181,2412,1152,Beacn,04:c5:a4:81:e8:c2,NYU-ROAM3

1408744587,Radio,190,2412,1152,Beacn,04:c5:a4:92:ae:22,NYU-ROAM3

1408744587,Radio,197,2412,1152,Beacn,04:c5:a4:8d:ca:62,NYU-ROAM3

1408744587,Radio,177,2412,1152,Beacn,5c:50:15:05:9b:11,nyuguest

1408744587,Radio,170,2412,1152,Beacn,20:aa:4b:26:be:b2,Jeff6j

1408744587,Radio,181,2412,1152,Beacn,04:c5:a4:81:e8:c1,nyuguest

1408744587,Radio,190,2412,1152,Beacn,04:c5:a4:92:ae:21,nyuguest

1408744587,Radio,176,2412,1152,Beacn,48:f8:b3:3a:43:62,Camery

1408744587,Radio,178,2412,1152,Beacn,5c:50:15:05:9b:13,nyupda

1408744587,Radio,190,2412,1152,Beacn,04:c5:a4:92:ae:23,nyupda

1408744587,Radio,177,2412,1152,Beacn,30:46:9a:8b:e6:a2,peglegs

1408744587,Radio,170,2412,1152,Beacn,2c:41:38:77:bf:f4,HP77BFF4

1408744587,Radio,166,2412,1152,Beacn,08:ed:b9:73:64:13,DDW36113D

1408744587,Radio,181,2412,1152,Beacn,04:c5:a4:81:e8:c0,nyu

1408744587,Radio,190,2412,1152,Beacn,04:c5:a4:92:ae:20,nyu

1408744587,Radio,172,2412,1152,Beacn,00:24:36:a9:02:99,Emily's Wi-Fi Network

1408744587,Radio,197,2412,1152,Beacn,04:c5:a4:8d:ca:60,nyu

1408744587,Radio,169,2412,1152,Beacn,30:46:9a:9b:e6:f8,Lafayette

1408744587,Radio,177,2412,1152,Beacn,5c:50:15:05:9b:12,NYU-ROAM3

1408744587,Radio,181,2412,1152,Beacn,04:c5:a4:81:e8:c2,NYU-ROAM3

1408744587,Radio,166,2412,1152,Beacn,10:a5:d0:ff:c0:12,Samsung Galaxy S 5 7944

1408744587,Radio,190,2412,1152,Beacn,04:c5:a4:92:ae:22,NYU-ROAM3

1408744587,Radio,197,2412,1152,Beacn,04:c5:a4:8d:ca:62,NYU-ROAM3

1408744587,Radio,177,2412,1152,Beacn,5c:50:15:05:9b:11,nyuguest

1408744587,Radio,181,2412,1152,Beacn,04:c5:a4:81:e8:c1,nyuguest

1408744587,Radio,197,2412,1152,Beacn,04:c5:a4:8d:ca:61,nyuguest

1408744587,Radio,172,2412,1152,Beacn,00:22:6b:41:a4:b2,Farah

1408744587,Radio,181,2412,1152,Beacn,04:c5:a4:81:e8:c3,nyupda

1408744587,Radio,190,2412,1152,Beacn,04:c5:a4:92:ae:23,nyupda

1408744587,Radio,175,2412,1152,Beacn,30:46:9a:8b:e6:a2,peglegs

1408744587,Radio,174,2412,1152,Beacn,2c:41:38:77:bf:f4,HP77BFF4

1408744587,Radio,181,2412,1152,Beacn,04:c5:a4:81:e8:c0,nyu

1408744587,Radio,176,2412,1152,Beacn,00:24:36:a9:02:99,Emily's Wi-Fi Network

1408744587,Radio,190,2412,1152,Beacn,04:c5:a4:92:ae:20,nyu

1408744587,Radio,174,2412,1152,Beacn,2c:b0:5d:2e:5b:68,9G

1408744587,Radio,169,2412,1152,Beacn,30:46:9a:9b:e6:f8,Lafayette

1408744587,Radio,197,2412,1152,Beacn,04:c5:a4:8d:ca:62,NYU-ROAM3

1408744587,Radio,170,2412,1152,Beacn,20:aa:4b:26:be:b2,Jeff6j

1408744587,Radio,197,2412,1152,Beacn,04:c5:a4:8d:ca:61,nyuguest

1408744587,Radio,198,2412,1152,Beacn,04:c5:a4:8d:ca:63,nyupda

1408744587,Radio,173,2412,1152,Beacn,30:46:9a:8b:e6:a2,peglegs

1408744587,Radio,166,2412,1152,Beacn,10:9a:dd:86:74:07,BMC

1408744587,Radio,171,2412,1152,Beacn,2c:41:38:77:bf:f4,HP77BFF4

1408744587,Radio,177,2412,1152,Beacn,5c:50:15:05:9b:10,nyu

1408744587,Radio,168,2412,1152,Beacn,08:ed:b9:73:64:13,DDW36113D

1408744587,Radio,170,2412,1152,Beacn,00:24:36:a9:02:99,Emily's Wi-Fi Network

1408744587,Radio,190,2412,1152,Beacn,04:c5:a4:92:ae:20,nyu

1408744587,Radio,173,2412,1152,Beacn,2c:b0:5d:2e:5b:68,9G

1408744587,Radio,197,2412,1152,Beacn,04:c5:a4:8d:ca:60,nyu

1408744587,Radio,167,2412,1152,Beacn,10:a5:d0:ff:c0:12,Samsung Galaxy S 5 7944

1408744587,Radio,168,2412,1152,Beacn,f8:e4:fb:d8:cc:a1,LDL4Q

1408744587,Radio,189,2412,1152,Beacn,04:c5:a4:92:ae:22,NYU-ROAM3

1408744587,Radio,197,2412,1152,Beacn,04:c5:a4:8d:ca:62,NYU-ROAM3

1408744587,Radio,173,2412,1152,Beacn,00:22:6b:41:a4:b2,Farah

1408744587,Radio,199,2412,1152,Probe,9e:e6:35:95:b3:23,Nintendo_3DS_continuous_scan_000

1408744587,Radio,181,2412,1152,Beacn,04:c5:a4:81:e8:c3,nyupda

1408744587,Radio,190,2412,1152,Beacn,04:c5:a4:92:ae:23,nyupda

1408744587,Radio,197,2412,1152,Beacn,04:c5:a4:8d:ca:63,nyupda

1408744587,Radio,169,2412,1152,Beacn,00:24:36:a9:02:99,Emily's Wi-Fi Network

1408744587,Radio,181,2412,1152,Beacn,04:c5:a4:81:e8:c0,nyu

1408744587,Radio,174,2412,1152,Beacn,2c:b0:5d:2e:5b:68,9G

1408744587,Radio,190,2412,1152,Beacn,04:c5:a4:92:ae:22,NYU-ROAM3

1408744587,Radio,197,2412,1152,Beacn,04:c5:a4:8d:ca:62,NYU-ROAM3

1408744587,Radio,177,2412,1152,Beacn,5c:50:15:05:9b:11,nyuguest

1408744587,Radio,180,2412,1152,Beacn,04:c5:a4:81:e8:c1,nyuguest

1408744587,Radio,190,2412,1152,Beacn,04:c5:a4:92:ae:21,nyuguest

1408744587,Radio,172,2412,1152,Beacn,00:a0:0a:af:1e:cd,MTA2411

1408744587,Radio,197,2412,1152,Beacn,04:c5:a4:8d:ca:61,nyuguest

1408744587,Radio,190,2412,1152,Beacn,04:c5:a4:92:ae:23,nyupda

1408744587,Radio,197,2412,1152,Beacn,04:c5:a4:8d:ca:63,nyupda

1408744587,Radio,168,2412,1152,Beacn,2c:41:38:77:bf:f4,HP77BFF4

1408744587,Radio,173,2412,1152,Beacn,00:24:36:a9:02:99,Emily's Wi-Fi Network

1408744587,Radio,169,2412,1152,Beacn,2c:b0:5d:2e:5b:68,9G

1408744587,Radio,190,2412,1152,Beacn,04:c5:a4:92:ae:20,nyu

1408744587,Radio,197,2412,1152,Beacn,04:c5:a4:8d:ca:60,nyu

1408744587,Radio,177,2412,1152,Beacn,5c:50:15:05:9b:12,NYU-ROAM3

1408744587,Radio,190,2412,1152,Beacn,04:c5:a4:92:ae:22,NYU-ROAM3

1408744587,Radio,197,2412,1152,Beacn,04:c5:a4:8d:ca:62,NYU-ROAM3

1408744587,Radio,170,2412,1152,Beacn,20:aa:4b:26:be:b2,Jeff6j

1408744587,Radio,177,2412,1152,Beacn,5c:50:15:05:9b:11,nyuguest

1408744587,Radio,166,2412,1152,Beacn,48:f8:b3:3a:62:de,Rachel&Darrin

1408744587,Radio,168,2412,1152,Beacn,00:a0:0a:af:1e:cd,MTA2411

1408744587,Radio,190,2412,1152,Beacn,04:c5:a4:92:ae:21,nyuguest

1408744587,Radio,197,2412,1152,Beacn,04:c5:a4:8d:ca:61,nyuguest

1408744587,Radio,177,2412,1152,Beacn,5c:50:15:05:9b:13,nyupda

1408744587,Radio,171,2412,1152,Beacn,2c:41:38:77:bf:f4,HP77BFF4

1408744587,Radio,171,2412,1152,Beacn,08:ed:b9:73:64:13,DDW36113D

1408744587,Radio,177,2412,1152,Beacn,5c:50:15:05:9b:10,nyu

1408744587,Radio,174,2412,1152,Beacn,2c:b0:5d:2e:5b:68,9G

1408744587,Radio,190,2412,1152,Beacn,04:c5:a4:92:ae:20,nyu

1408744587,Radio,166,2412,1152,Beacn,cc:a4:62:44:01:a0,DG860AA2

1408744587,Radio,199,2412,1152,Probe,9e:e6:35:95:b3:23,Nintendo_3DS_continuous_scan_000

1408744587,Radio,182,2412,1152,Beacn,04:c5:a4:81:e8:c2,NYU-ROAM3

1408744587,Radio,190,2412,1152,Beacn,04:c5:a4:92:ae:22,NYU-ROAM3

1408744587,Radio,197,2412,1152,Beacn,04:c5:a4:8d:ca:62,NYU-ROAM3

1408744587,Radio,172,2412,1152,Beacn,20:aa:4b:26:be:b2,Jeff6j

1408744587,Radio,176,2412,1152,Beacn,5c:50:15:05:9b:11,nyuguest

1408744587,Radio,165,2412,1152,Beacn,48:f8:b3:3a:62:de,Rachel&Darrin

1408744587,Radio,190,2412,1152,Beacn,04:c5:a4:92:ae:21,nyuguest

1408744587,Radio,197,2412,1152,Beacn,04:c5:a4:8d:ca:61,nyuguest

1408744587,Radio,170,2412,1152,Beacn,40:70:09:ad:05:80,Suvall

1408744587,Radio,178,2412,1152,Beacn,5c:50:15:05:9b:13,nyupda

1408744587,Radio,173,2412,1152,Beacn,30:46:9a:8b:e6:a2,peglegs

1408744587,Radio,190,2412,1152,Beacn,04:c5:a4:92:ae:23,nyupda

1408744587,Radio,166,2412,1152,Beacn,c0:c1:c0:11:a9:bc,jmcguirl

1408744587,Radio,169,2412,1152,Beacn,2c:41:38:77:bf:f4,HP77BFF4

1408744587,Radio,190,2412,1152,Beacn,04:c5:a4:92:ae:20,nyu

1408744587,Radio,167,2412,1152,Beacn,30:46:9a:9b:e6:f8,Lafayette

1408744587,Radio,197,2412,1152,Beacn,04:c5:a4:8d:ca:60,nyu

1408744587,Radio,181,2412,1152,Beacn,04:c5:a4:81:e8:c2,NYU-ROAM3

1408744587,Radio,190,2412,1152,Beacn,04:c5:a4:92:ae:22,NYU-ROAM3

1408744587,Radio,167,2412,1152,Beacn,48:f8:b3:3a:62:de,Rachel&Darrin

1408744587,Radio,181,2412,1152,Beacn,04:c5:a4:81:e8:c1,nyuguest

1408744587,Radio,190,2412,1152,Beacn,04:c5:a4:92:ae:21,nyuguest

1408744587,Radio,173,2412,1152,Beacn,40:70:09:ad:05:80,Suvall

1408744587,Radio,197,2412,1152,Beacn,04:c5:a4:8d:ca:61,nyuguest

1408744587,Radio,171,2412,1152,Beacn,00:22:6b:41:a4:b2,Farah

1408744587,Radio,174,2412,1152,Beacn,30:46:9a:8b:e6:a2,peglegs

1408744587,Radio,190,2412,1152,Beacn,04:c5:a4:92:ae:23,nyupda

1408744587,Radio,166,2412,1152,Beacn,10:9a:dd:86:74:07,BMC

1408744587,Radio,168,2412,1152,Beacn,08:ed:b9:73:64:13,DDW36113D

1408744587,Radio,174,2412,1152,Beacn,2c:b0:5d:2e:5b:68,9G

1408744587,Radio,181,2412,1152,Beacn,04:c5:a4:81:e8:c0,nyu

1408744587,Radio,181,2412,1152,Beacn,04:c5:a4:81:e8:c2,NYU-ROAM3

1408744587,Radio,190,2412,1152,Beacn,04:c5:a4:92:ae:22,NYU-ROAM3

1408744587,Radio,165,2412,1152,Beacn,48:f8:b3:3a:62:de,Rachel&Darrin

1408744587,Radio,177,2412,1152,Beacn,48:f8:b3:3a:43:62,Camery

1408744587,Radio,168,2412,1152,Beacn,00:a0:0a:af:1e:cd,MTA2411

1408744587,Radio,181,2412,1152,Beacn,04:c5:a4:81:e8:c1,nyuguest

1408744587,Radio,190,2412,1152,Beacn,04:c5:a4:92:ae:21,nyuguest

1408744587,Radio,171,2412,1152,Beacn,40:70:09:ad:05:80,Suvall

1408744587,Radio,197,2412,1152,Beacn,04:c5:a4:8d:ca:61,nyuguest

1408744587,Radio,171,2412,1152,Beacn,00:22:6b:41:a4:b2,Farah

1408744587,Radio,166,2412,1152,Beacn,20:c9:d0:24:d3:21,oh my zod

1408744587,Radio,177,2412,1152,Beacn,5c:50:15:05:9b:13,nyupda

1408744587,Radio,190,2412,1152,Beacn,04:c5:a4:92:ae:23,nyupda

1408744588,Radio,197,2412,1152,Beacn,04:c5:a4:8d:ca:63,nyupda

1408744588,Radio,174,2412,1152,Beacn,08:ed:b9:73:64:13,DDW36113D

1408744588,Radio,173,2412,1152,Beacn,00:24:36:a9:02:99,Emily's Wi-Fi Network

1408744588,Radio,176,2412,1152,Beacn,2c:b0:5d:2e:5b:68,9G

1408744588,Radio,170,2412,1152,Beacn,04:c5:a4:81:e8:c0,nyu

1408744588,Radio,190,2412,1152,Beacn,04:c5:a4:92:ae:20,nyu

1408744588,Radio,197,2412,1152,Beacn,04:c5:a4:8d:ca:60,nyu

1408744588,Radio,169,2412,1152,Beacn,e8:3e:fc:f6:bf:20,DG860A22

1408744588,Radio,181,2412,1152,Beacn,04:c5:a4:81:e8:c2,NYU-ROAM3

1408744588,Radio,166,2412,1152,Probe,70:73:cb:c4:98:1f,Arduino Yun-90A2DAF200FC

1408744588,Radio,181,2412,1152,Beacn,04:c5:a4:81:e8:c1,nyuguest

1408744588,Radio,196,2412,1152,Probe,70:73:cb:c4:98:1f,Arduino Yun-90A2DAF200FC

1408744588,Radio,172,2412,1152,Beacn,00:22:6b:41:a4:b2,Farah

1408744588,Radio,197,2412,1152,Beacn,04:c5:a4:8d:ca:61,nyuguest

1408744588,Radio,181,2412,1152,Beacn,04:c5:a4:81:e8:c3,nyupda

1408744588,Radio,169,2412,1152,Beacn,2c:41:38:77:bf:f4,HP77BFF4

1408744588,Radio,173,2412,1152,Beacn,08:ed:b9:73:64:13,DDW36113D

1408744588,Radio,168,2412,1152,Beacn,2c:b0:5d:2e:5b:68,9G

1408744588,Radio,181,2412,1152,Beacn,04:c5:a4:81:e8:c0,nyu

1408744588,Radio,177,2412,1152,Beacn,5c:50:15:05:9b:12,NYU-ROAM3

1408744588,Radio,181,2412,1152,Beacn,04:c5:a4:81:e8:c2,NYU-ROAM3

1408744588,Radio,171,2412,1152,Beacn,20:aa:4b:26:be:b2,Jeff6j

1408744588,Radio,190,2412,1152,Beacn,04:c5:a4:92:ae:22,NYU-ROAM3

1408744588,Radio,197,2412,1152,Beacn,04:c5:a4:8d:ca:62,NYU-ROAM3

1408744588,Radio,167,2412,1152,Beacn,00:a0:0a:af:1e:cd,MTA2411

1408744588,Radio,172,2412,1152,Beacn,40:70:09:ad:05:80,Suvall

1408744588,Radio,197,2412,1152,Beacn,04:c5:a4:8d:ca:61,nyuguest

1408744588,Radio,166,2412,1152,Beacn,20:c9:d0:24:d3:21,oh my zod

1408744588,Radio,174,2412,1152,Beacn,30:46:9a:8b:e6:a2,peglegs

1408744588,Radio,169,2412,1152,Beacn,2c:41:38:77:bf:f4,HP77BFF4

1408744588,Radio,197,2412,1152,Beacn,04:c5:a4:8d:ca:63,nyupda

1408744588,Radio,170,2412,1152,Beacn,08:ed:b9:73:64:13,DDW36113D

1408744588,Radio,172,2412,1152,Beacn,00:24:36:a9:02:99,Emily's Wi-Fi Network

1408744588,Radio,190,2412,1152,Beacn,04:c5:a4:92:ae:20,nyu

1408744588,Radio,169,2412,1152,Beacn,08:ed:b9:73:71:be,DDW3611DB

1408744588,Radio,177,2412,1152,Beacn,5c:50:15:05:9b:12,NYU-ROAM3

1408744588,Radio,190,2412,1152,Beacn,04:c5:a4:92:ae:22,NYU-ROAM3

1408744588,Radio,200,2412,1152,Probe,9e:e6:35:95:b3:23,Nintendo_3DS_continuous_scan_000

1408744588,Radio,197,2412,1152,Beacn,04:c5:a4:8d:ca:62,NYU-ROAM3

1408744588,Radio,167,2412,1152,Beacn,00:a0:0a:af:1e:cd,MTA2411

1408744588,Radio,169,2412,1152,Beacn,04:c5:a4:92:7f:91,nyuguest

1408744588,Radio,177,2412,1152,Beacn,5c:50:15:05:9b:11,nyuguest

1408744588,Radio,170,2412,1152,Beacn,40:70:09:ad:05:80,Suvall

1408744588,Radio,181,2412,1152,Beacn,04:c5:a4:81:e8:c1,nyuguest

1408744588,Radio,197,2412,1152,Beacn,04:c5:a4:8d:ca:61,nyuguest

1408744588,Radio,174,2412,1152,Beacn,30:46:9a:8b:e6:a2,peglegs

1408744588,Radio,181,2412,1152,Beacn,04:c5:a4:81:e8:c3,nyupda

1408744588,Radio,168,2412,1152,Beacn,2c:41:38:77:bf:f4,HP77BFF4

1408744588,Radio,197,2412,1152,Beacn,04:c5:a4:8d:ca:63,nyupda

1408744588,Radio,168,2412,1152,Beacn,08:ed:b9:73:64:13,DDW36113D

1408744588,Radio,169,2412,1152,Beacn,00:24:36:a9:02:99,Emily's Wi-Fi Network

1408744588,Radio,174,2412,1152,Beacn,2c:b0:5d:2e:5b:68,9G

1408744588,Radio,167,2412,1152,Beacn,30:46:9a:9b:e6:f8,Lafayette

1408744588,Radio,181,2412,1152,Beacn,04:c5:a4:81:e8:c0,nyu

1408744588,Radio,177,2412,1152,Beacn,5c:50:15:05:9b:12,NYU-ROAM3

1408744588,Radio,170,2412,1152,Beacn,20:aa:4b:26:be:b2,Jeff6j

1408744588,Radio,181,2412,1152,Beacn,04:c5:a4:81:e8:c2,NYU-ROAM3

1408744588,Radio,197,2412,1152,Beacn,04:c5:a4:8d:ca:62,NYU-ROAM3

1408744588,Radio,168,2412,1152,Beacn,00:a0:0a:af:1e:cd,MTA2411

1408744588,Radio,171,2412,1152,Beacn,00:22:6b:41:a4:b2,Farah

1408744588,Radio,197,2412,1152,Beacn,04:c5:a4:8d:ca:61,nyuguest

1408744588,Radio,174,2412,1152,Beacn,30:46:9a:8b:e6:a2,peglegs

1408744588,Radio,169,2412,1152,Beacn,2c:41:38:77:bf:f4,HP77BFF4

1408744588,Radio,181,2412,1152,Beacn,04:c5:a4:81:e8:c3,nyupda

1408744588,Radio,190,2412,1152,Beacn,04:c5:a4:92:ae:23,nyupda

1408744588,Radio,166,2412,1152,Beacn,08:ed:b9:73:64:13,DDW36113D

1408744588,Radio,197,2412,1152,Beacn,04:c5:a4:8d:ca:63,nyupda

1408744588,Radio,168,2412,1152,Beacn,00:24:36:a9:02:99,Emily's Wi-Fi Network

1408744588,Radio,173,2412,1152,Beacn,2c:b0:5d:2e:5b:68,9G

1408744588,Radio,181,2412,1152,Beacn,04:c5:a4:81:e8:c0,nyu

1408744588,Radio,190,2412,1152,Beacn,04:c5:a4:92:ae:20,nyu

1408744588,Radio,168,2412,1152,Beacn,e8:3e:fc:f6:bf:20,DG860A22

1408744588,Radio,197,2412,1152,Beacn,04:c5:a4:8d:ca:60,nyu

1408744588,Radio,171,2412,1152,Beacn,20:aa:4b:26:be:b2,Jeff6j

1408744588,Radio,181,2412,1152,Beacn,04:c5:a4:81:e8:c2,NYU-ROAM3

1408744588,Radio,197,2412,1152,Beacn,04:c5:a4:8d:ca:62,NYU-ROAM3

1408744588,Radio,167,2412,1152,Beacn,00:a0:0a:af:1e:cd,MTA2411

1408744588,Radio,177,2412,1152,Beacn,5c:50:15:05:9b:11,nyuguest

1408744588,Radio,166,2412,1152,Beacn,08:3e:8e:34:df:df,DVW3201B8C

1408744588,Radio,190,2412,1152,Beacn,04:c5:a4:92:ae:21,nyuguest

1408744588,Radio,167,2412,1152,Beacn,20:c9:d0:24:d3:21,oh my zod

1408744588,Radio,175,2412,1152,Beacn,30:46:9a:8b:e6:a2,peglegs

1408744588,Radio,174,2412,1152,Beacn,2c:41:38:77:bf:f4,HP77BFF4

1408744588,Radio,181,2412,1152,Beacn,04:c5:a4:81:e8:c3,nyupda

1408744588,Radio,171,2412,1152,Beacn,08:ed:b9:73:64:13,DDW36113D

1408744588,Radio,197,2412,1152,Beacn,04:c5:a4:8d:ca:63,nyupda

1408744588,Radio,171,2412,1152,Beacn,00:24:36:a9:02:99,Emily's Wi-Fi Network

1408744588,Radio,200,2412,1152,Probe,9e:e6:35:95:b3:23,Nintendo_3DS_continuous_scan_000

1408744588,Radio,176,2412,1152,Beacn,2c:b0:5d:2e:5b:68,9G

1408744588,Radio,177,2412,1152,Beacn,5c:50:15:05:9b:10,nyu

1408744588,Radio,197,2412,1152,Beacn,04:c5:a4:8d:ca:60,nyu

1408744588,Radio,170,2412,1152,Beacn,20:aa:4b:26:be:b2,Jeff6j

1408744588,Radio,167,2412,1152,Beacn,f8:e4:fb:c0:0b:5f,NewGreenwich

1408744588,Radio,181,2412,1152,Beacn,04:c5:a4:81:e8:c2,NYU-ROAM3

1408744588,Radio,176,2412,1152,Beacn,48:f8:b3:3a:43:62,Camery

1408744588,Radio,168,2412,1152,Beacn,00:a0:0a:af:1e:cd,MTA2411

1408744588,Radio,181,2412,1152,Beacn,04:c5:a4:81:e8:c1,nyuguest

1408744588,Radio,197,2412,1152,Beacn,04:c5:a4:8d:ca:61,nyuguest

1408744588,Radio,173,2412,1152,Beacn,30:46:9a:8b:e6:a2,peglegs

1408744588,Radio,177,2412,1152,Beacn,5c:50:15:05:9b:13,nyupda

1408744588,Radio,169,2412,1152,Beacn,2c:41:38:77:bf:f4,HP77BFF4

1408744588,Radio,181,2412,1152,Beacn,04:c5:a4:81:e8:c3,nyupda

1408744588,Radio,190,2412,1152,Beacn,04:c5:a4:92:ae:23,nyupda

1408744588,Radio,169,2412,1152,Beacn,00:24:36:a9:02:99,Emily's Wi-Fi Network

1408744588,Radio,197,2412,1152,Beacn,04:c5:a4:8d:ca:63,nyupda

1408744588,Radio,174,2412,1152,Beacn,2c:b0:5d:2e:5b:68,9G

1408744588,Radio,167,2412,1152,Beacn,10:a5:d0:ff:c0:12,Samsung Galaxy S 5 7944

1408744588,Radio,170,2412,1152,Beacn,f8:e4:fb:d8:cc:a1,LDL4Q

1408744588,Radio,190,2412,1152,Beacn,04:c5:a4:92:ae:20,nyu

1408744588,Radio,197,2412,1152,Beacn,04:c5:a4:8d:ca:60,nyu

1408744588,Radio,189,2412,1152,Beacn,04:c5:a4:92:ae:22,NYU-ROAM3

1408744588,Radio,167,2412,1152,Beacn,00:a0:0a:af:1e:cd,MTA2411

1408744588,Radio,197,2412,1152,Beacn,04:c5:a4:8d:ca:62,NYU-ROAM3

1408744588,Radio,169,2412,1152,Beacn,40:70:09:ad:05:80,Suvall

1408744588,Radio,181,2412,1152,Beacn,04:c5:a4:81:e8:c1,nyuguest

1408744588,Radio,189,2412,1152,Beacn,04:c5:a4:92:ae:21,nyuguest

1408744588,Radio,174,2412,1152,Beacn,30:46:9a:8b:e6:a2,peglegs

1408744588,Radio,197,2412,1152,Beacn,04:c5:a4:8d:ca:61,nyuguest

1408744588,Radio,169,2412,1152,Beacn,2c:41:38:77:bf:f4,HP77BFF4

1408744588,Radio,170,2412,1152,Beacn,08:ed:b9:73:64:13,DDW36113D

1408744588,Radio,181,2412,1152,Beacn,04:c5:a4:81:e8:c3,nyupda

1408744588,Radio,190,2412,1152,Beacn,04:c5:a4:92:ae:23,nyupda

1408744588,Radio,172,2412,1152,Beacn,00:24:36:a9:02:99,Emily's Wi-Fi Network

1408744588,Radio,197,2412,1152,Beacn,04:c5:a4:8d:ca:63,nyupda

1408744588,Radio,168,2412,1152,Beacn,30:46:9a:9b:e6:f8,Lafayette

1408744588,Radio,177,2412,1152,Beacn,5c:50:15:05:9b:10,nyu

1408744588,Radio,169,2412,1152,Beacn,f8:e4:fb:d8:cc:a1,LDL4Q

1408744588,Radio,190,2412,1152,Beacn,04:c5:a4:92:ae:20,nyu

1408744588,Radio,197,2412,1152,Beacn,04:c5:a4:8d:ca:60,nyu

1408744588,Radio,167,2412,1152,Data,01:80:c2:00:00:00,f8:e4:fb:c0:0b:5f

1408744588,Radio,167,2412,1152,Beacn,48:f8:b3:3a:62:de,Rachel&Darrin

1408744588,Radio,181,2412,1152,Beacn,04:c5:a4:81:e8:c2,NYU-ROAM3

1408744588,Radio,177,2412,1152,Beacn,48:f8:b3:3a:43:62,Camery

1408744588,Radio,190,2412,1152,Beacn,04:c5:a4:92:ae:22,NYU-ROAM3

1408744588,Radio,197,2412,1152,Beacn,04:c5:a4:8d:ca:62,NYU-ROAM3

1408744588,Radio,200,2412,1152,Probe,9e:e6:35:95:b3:23,Nintendo_3DS_continuous_scan_000

1408744588,Radio,171,2412,1152,Beacn,40:70:09:ad:05:80,Suvall

1408744588,Radio,197,2412,1152,Beacn,04:c5:a4:8d:ca:61,nyuguest

1408744588,Radio,177,2412,1152,Beacn,5c:50:15:05:9b:13,nyupda

1408744588,Radio,168,2412,1152,Beacn,2c:41:38:77:bf:f4,HP77BFF4

1408744588,Radio,171,2412,1152,Beacn,08:ed:b9:73:64:13,DDW36113D

1408744588,Radio,181,2412,1152,Beacn,04:c5:a4:81:e8:c3,nyupda

1408744588,Radio,189,2412,1152,Beacn,04:c5:a4:92:ae:23,nyupda

1408744588,Radio,177,2412,1152,Beacn,5c:50:15:05:9b:10,nyu

1408744588,Radio,169,2412,1152,Beacn,f8:e4:fb:d8:cc:a1,LDL4Q

1408744588,Radio,181,2412,1152,Beacn,04:c5:a4:81:e8:c0,nyu

1408744588,Radio,190,2412,1152,Beacn,04:c5:a4:92:ae:20,nyu

1408744588,Radio,198,2412,1152,Beacn,04:c5:a4:8d:ca:60,nyu

1408744588,Radio,177,2412,1152,Beacn,5c:50:15:05:9b:12,NYU-ROAM3

1408744588,Radio,190,2412,1152,Beacn,04:c5:a4:92:ae:22,NYU-ROAM3

1408744588,Radio,198,2412,1152,Beacn,04:c5:a4:8d:ca:62,NYU-ROAM3

1408744588,Radio,170,2412,1152,Beacn,40:70:09:ad:05:80,Suvall

1408744588,Radio,170,2412,1152,Beacn,00:22:6b:41:a4:b2,Farah

1408744588,Radio,177,2412,1152,Beacn,5c:50:15:05:9b:11,nyuguest

1408744588,Radio,174,2412,1152,Beacn,30:46:9a:8b:e6:a2,peglegs

1408744588,Radio,190,2412,1152,Beacn,04:c5:a4:92:ae:21,nyuguest

1408744588,Radio,168,2412,1152,Beacn,2c:41:38:77:bf:f4,HP77BFF4

1408744588,Radio,177,2412,1152,Beacn,5c:50:15:05:9b:13,nyupda

1408744588,Radio,171,2412,1152,Beacn,08:ed:b9:73:64:13,DDW36113D

1408744588,Radio,169,2412,1152,Beacn,00:24:36:a9:02:99,Emily's Wi-Fi Network

1408744588,Radio,190,2412,1152,Beacn,04:c5:a4:92:ae:23,nyupda

1408744588,Radio,197,2412,1152,Beacn,04:c5:a4:8d:ca:63,nyupda

1408744588,Radio,169,2412,1152,Beacn,08:ed:b9:73:71:be,DDW3611DB

1408744588,Radio,176,2412,1152,Beacn,5c:50:15:05:9b:10,nyu

1408744588,Radio,180,2412,1152,Beacn,04:c5:a4:81:e8:c0,nyu

1408744588,Radio,189,2412,1152,Beacn,04:c5:a4:92:ae:20,nyu

1408744588,Radio,198,2412,1152,Beacn,04:c5:a4:8d:ca:60,nyu

1408744588,Radio,177,2412,1152,Beacn,5c:50:15:05:9b:12,NYU-ROAM3

1408744588,Radio,169,2412,1152,Beacn,04:c5:a4:92:7f:92,NYU-ROAM3

1408744588,Radio,166,2412,1152,Beacn,48:f8:b3:3a:62:de,Rachel&Darrin

1408744588,Radio,177,2412,1152,Beacn,48:f8:b3:3a:43:62,Camery

1408744588,Radio,190,2412,1152,Beacn,04:c5:a4:92:ae:22,NYU-ROAM3

1408744589,Radio,170,2412,1152,Beacn,00:22:6b:41:a4:b2,Farah

1408744589,Radio,177,2412,1152,Beacn,5c:50:15:05:9b:11,nyuguest

1408744589,Radio,181,2412,1152,Beacn,04:c5:a4:81:e8:c1,nyuguest

1408744589,Radio,190,2412,1152,Beacn,04:c5:a4:92:ae:21,nyuguest

1408744589,Radio,198,2412,1152,Beacn,04:c5:a4:8d:ca:61,nyuguest

1408744589,Radio,169,2412,1152,Beacn,2c:41:38:77:bf:f4,HP77BFF4

1408744589,Radio,170,2412,1152,Beacn,00:24:36:a9:02:99,Emily's Wi-Fi Network

1408744589,Radio,182,2412,1152,Beacn,04:c5:a4:81:e8:c3,nyupda

1408744589,Radio,200,2412,1152,Probe,9e:e6:35:95:b3:23,Nintendo_3DS_continuous_scan_000

1408744589,Radio,169,2412,1152,Beacn,08:ed:b9:73:71:be,DDW3611DB

1408744589,Radio,166,2412,1152,Beacn,48:f8:b3:3a:62:de,Rachel&Darrin

1408744589,Radio,197,2412,1152,Beacn,04:c5:a4:8d:ca:62,NYU-ROAM3

1408744589,Radio,170,2412,1152,Beacn,30:46:9a:8b:e6:a2,peglegs

1408744589,Radio,169,2412,1152,Beacn,2c:41:38:77:bf:f4,HP77BFF4

1408744589,Radio,198,2412,1152,Beacn,04:c5:a4:8d:ca:61,nyuguest

1408744589,Radio,173,2412,1152,Beacn,08:ed:b9:73:64:13,DDW36113D

1408744589,Radio,181,2412,1152,Beacn,04:c5:a4:81:e8:c3,nyupda

1408744589,Radio,190,2412,1152,Beacn,04:c5:a4:92:ae:23,nyupda

1408744589,Radio,198,2412,1152,Beacn,04:c5:a4:8d:ca:63,nyupda

1408744589,Radio,181,2412,1152,Beacn,04:c5:a4:81:e8:c0,nyu

1408744589,Radio,190,2412,1152,Beacn,04:c5:a4:92:ae:20,nyu

1408744589,Radio,190,2412,1152,Beacn,04:c5:a4:92:ae:22,NYU-ROAM3

1408744589,Radio,198,2412,1152,Beacn,04:c5:a4:8d:ca:62,NYU-ROAM3

1408744589,Radio,171,2412,1152,Beacn,00:22:6b:41:a4:b2,Farah

1408744589,Radio,176,2412,1152,Beacn,5c:50:15:05:9b:11,nyuguest

1408744589,Radio,174,2412,1152,Beacn,30:46:9a:8b:e6:a2,peglegs

1408744589,Radio,180,2412,1152,Beacn,04:c5:a4:81:e8:c1,nyuguest

1408744589,Radio,190,2412,1152,Beacn,04:c5:a4:92:ae:21,nyuguest

1408744589,Radio,174,2412,1152,Beacn,2c:b0:5d:2e:5b:68,9G

1408744589,Radio,190,2412,1152,Beacn,04:c5:a4:92:ae:23,nyupda

1408744589,Radio,169,2412,1152,Beacn,08:ed:b9:73:71:be,DDW3611DB

1408744589,Radio,169,2412,1152,Beacn,f8:e4:fb:d8:cc:a1,LDL4Q

1408744589,Radio,181,2412,1152,Beacn,04:c5:a4:81:e8:c0,nyu

1408744589,Radio,197,2412,1152,Beacn,04:c5:a4:8d:ca:60,nyu

1408744589,Radio,167,2412,1152,Beacn,00:a0:0a:af:1e:cd,MTA2411

1408744589,Radio,181,2412,1152,Beacn,04:c5:a4:81:e8:c2,NYU-ROAM3

1408744589,Radio,172,2412,1152,Beacn,40:70:09:ad:05:80,Suvall

1408744589,Radio,190,2412,1152,Beacn,04:c5:a4:92:ae:22,NYU-ROAM3

1408744589,Radio,181,2412,1152,Beacn,04:c5:a4:81:e8:c1,nyuguest

1408744589,Radio,189,2412,1152,Beacn,04:c5:a4:92:ae:21,nyuguest

1408744589,Radio,198,2412,1152,Beacn,04:c5:a4:8d:ca:61,nyuguest

1408744589,Radio,168,2412,1152,Beacn,2c:41:38:77:bf:f4,HP77BFF4

1408744589,Radio,181,2412,1152,Beacn,04:c5:a4:81:e8:c3,nyupda

1408744589,Radio,198,2412,1152,Beacn,04:c5:a4:8d:ca:63,nyupda

1408744589,Radio,169,2412,1152,Beacn,e8:3e:fc:f6:bf:20,DG860A22

1408744589,Radio,171,2412,1152,Beacn,f8:e4:fb:d8:cc:a1,LDL4Q

1408744589,Radio,177,2412,1152,Beacn,5c:50:15:05:9b:10,nyu

1408744589,Radio,182,2412,1152,Beacn,04:c5:a4:81:e8:c0,nyu

1408744589,Radio,171,2412,1152,Beacn,20:aa:4b:26:be:b2,Jeff6j

1408744589,Radio,197,2412,1152,Beacn,04:c5:a4:8d:ca:60,nyu

1408744589,Radio,166,2412,1152,Probe,d0:e7:82:b9:9f:a9,BROADCAST

1408744589,Radio,197,2412,1152,Beacn,04:c5:a4:8d:ca:62,NYU-ROAM3

1408744589,Radio,174,2412,1152,Beacn,30:46:9a:8b:e6:a2,peglegs

1408744589,Radio,167,2412,1152,Probe,d0:e7:82:b9:9f:a9,BROADCAST

1408744589,Radio,173,2412,1152,Beacn,08:ed:b9:73:64:13,DDW36113D

1408744589,Radio,173,2412,1152,Beacn,00:24:36:a9:02:99,Emily's Wi-Fi Network

1408744589,Radio,171,2412,1152,Beacn,f8:e4:fb:d8:cc:a1,LDL4Q

1408744589,Radio,190,2412,1152,Beacn,04:c5:a4:92:ae:20,nyu

1408744589,Radio,197,2412,1152,Beacn,04:c5:a4:8d:ca:60,nyu

1408744589,Radio,169,2412,1152,Beacn,48:f8:b3:3a:62:de,Rachel&Darrin

1408744589,Radio,181,2412,1152,Beacn,04:c5:a4:81:e8:c2,NYU-ROAM3

1408744589,Radio,190,2412,1152,Beacn,04:c5:a4:92:ae:22,NYU-ROAM3

1408744589,Radio,166,2412,1152,Beacn,e8:8d:28:5f:2c:83,5J

1408744589,Radio,175,2412,1152,Beacn,30:46:9a:8b:e6:a2,peglegs

1408744589,Radio,177,2412,1152,Beacn,5c:50:15:05:9b:11,nyuguest

1408744589,Radio,170,2412,1152,Beacn,2c:41:38:77:bf:f4,HP77BFF4

1408744589,Radio,181,2412,1152,Beacn,04:c5:a4:81:e8:c1,nyuguest

1408744589,Radio,190,2412,1152,Beacn,04:c5:a4:92:ae:21,nyuguest

1408744589,Radio,197,2412,1152,Beacn,04:c5:a4:8d:ca:61,nyuguest

1408744589,Radio,178,2412,1152,Beacn,5c:50:15:05:9b:13,nyupda

1408744589,Radio,172,2412,1152,Beacn,2c:b0:5d:2e:5b:68,9G

1408744589,Radio,167,2412,1152,Beacn,30:46:9a:9b:e6:f8,Lafayette

1408744589,Radio,190,2412,1152,Beacn,04:c5:a4:92:ae:23,nyupda

1408744589,Radio,197,2412,1152,Beacn,04:c5:a4:8d:ca:63,nyupda

1408744589,Radio,166,2412,1152,Beacn,10:a5:d0:ff:c0:12,Samsung Galaxy S 5 7944

1408744589,Radio,169,2412,1152,Beacn,e8:3e:fc:f6:bf:20,DG860A22

1408744589,Radio,169,2412,1152,Beacn,f8:e4:fb:d8:cc:a1,LDL4Q

1408744589,Radio,201,2412,1152,Probe,9e:e6:35:95:b3:23,Nintendo_3DS_continuous_scan_000

1408744589,Radio,171,2412,1152,Beacn,20:aa:4b:26:be:b2,Jeff6j

1408744589,Radio,181,2412,1152,Beacn,04:c5:a4:81:e8:c0,nyu

1408744589,Radio,190,2412,1152,Beacn,04:c5:a4:92:ae:20,nyu

1408744589,Radio,167,2412,1152,Beacn,48:f8:b3:3a:62:de,Rachel&Darrin

1408744589,Radio,198,2412,1152,Beacn,04:c5:a4:8d:ca:60,nyu

1408744589,Radio,167,2412,1152,Beacn,00:a0:0a:af:1e:cd,MTA2411

1408744589,Radio,176,2412,1152,Beacn,5c:50:15:05:9b:12,NYU-ROAM3

1408744589,Radio,173,2412,1152,Beacn,40:70:09:ad:05:80,Suvall

1408744589,Radio,166,2412,1152,Beacn,00:22:6b:41:a4:b2,Farah

1408744589,Radio,190,2412,1152,Beacn,04:c5:a4:92:ae:22,NYU-ROAM3

1408744589,Radio,175,2412,1152,Beacn,30:46:9a:8b:e6:a2,peglegs

1408744589,Radio,177,2412,1152,Beacn,5c:50:15:05:9b:11,nyuguest

1408744589,Radio,168,2412,1152,Beacn,04:c5:a4:92:7f:91,nyuguest

1408744589,Radio,169,2412,1152,Beacn,2c:41:38:77:bf:f4,HP77BFF4

1408744589,Radio,181,2412,1152,Beacn,04:c5:a4:81:e8:c1,nyuguest

1408744589,Radio,197,2412,1152,Beacn,04:c5:a4:8d:ca:61,nyuguest

1408744589,Radio,171,2412,1152,Beacn,08:ed:b9:73:64:13,DDW36113D

1408744589,Radio,171,2412,1152,Beacn,00:24:36:a9:02:99,Emily's Wi-Fi Network

1408744589,Radio,181,2412,1152,Beacn,04:c5:a4:81:e8:c3,nyupda

1408744589,Radio,189,2412,1152,Beacn,04:c5:a4:92:ae:23,nyupda

1408744589,Radio,169,2412,1152,Data,01:80:c2:00:00:00,f8:e4:fb:d8:cc:a1

1408744589,Radio,177,2412,1152,Beacn,5c:50:15:05:9b:10,nyu

1408744589,Radio,171,2412,1152,Beacn,20:aa:4b:26:be:b2,Jeff6j

1408744589,Radio,181,2412,1152,Beacn,04:c5:a4:81:e8:c0,nyu

1408744589,Radio,171,2412,1152,Beacn,40:70:09:ad:05:80,Suvall

1408744589,Radio,170,2412,1152,Beacn,00:22:6b:41:a4:b2,Farah

1408744589,Radio,181,2412,1152,Beacn,04:c5:a4:81:e8:c2,NYU-ROAM3

1408744589,Radio,189,2412,1152,Beacn,04:c5:a4:92:ae:22,NYU-ROAM3

1408744589,Radio,197,2412,1152,Beacn,04:c5:a4:8d:ca:62,NYU-ROAM3

1408744589,Radio,174,2412,1152,Beacn,30:46:9a:8b:e6:a2,peglegs

1408744589,Radio,177,2412,1152,Beacn,5c:50:15:05:9b:11,nyuguest

1408744589,Radio,168,2412,1152,Beacn,2c:41:38:77:bf:f4,HP77BFF4

1408744589,Radio,181,2412,1152,Beacn,04:c5:a4:81:e8:c1,nyuguest

1408744589,Radio,190,2412,1152,Beacn,04:c5:a4:92:ae:21,nyuguest

1408744589,Radio,198,2412,1152,Beacn,04:c5:a4:8d:ca:61,nyuguest

1408744589,Radio,174,2412,1152,Beacn,2c:b0:5d:2e:5b:68,9G

1408744589,Radio,190,2412,1152,Beacn,04:c5:a4:92:ae:23,nyupda

1408744589,Radio,198,2412,1152,Beacn,04:c5:a4:8d:ca:63,nyupda

1408744589,Radio,169,2412,1152,Beacn,f8:e4:fb:d8:cc:a1,LDL4Q

1408744589,Radio,170,2412,1152,Beacn,20:aa:4b:26:be:b2,Jeff6j

1408744589,Radio,181,2412,1152,Beacn,04:c5:a4:81:e8:c0,nyu

1408744589,Radio,171,2412,1152,Beacn,00:22:6b:41:a4:b2,Farah

1408744589,Radio,182,2412,1152,Beacn,04:c5:a4:81:e8:c2,NYU-ROAM3

1408744589,Radio,189,2412,1152,Beacn,04:c5:a4:92:ae:22,NYU-ROAM3

1408744589,Radio,198,2412,1152,Beacn,04:c5:a4:8d:ca:62,NYU-ROAM3

1408744589,Radio,173,2412,1152,Beacn,30:46:9a:8b:e6:a2,peglegs

1408744589,Radio,177,2412,1152,Beacn,5c:50:15:05:9b:11,nyuguest

1408744589,Radio,168,2412,1152,Beacn,2c:41:38:77:bf:f4,HP77BFF4

1408744589,Radio,199,2412,1152,Probe,9e:e6:35:95:b3:23,Nintendo_3DS_continuous_scan_000

1408744589,Radio,181,2412,1152,Beacn,04:c5:a4:81:e8:c1,nyuguest

1408744589,Radio,189,2412,1152,Beacn,04:c5:a4:92:ae:21,nyuguest

1408744589,Radio,169,2412,1152,Beacn,00:24:36:a9:02:99,Emily's Wi-Fi Network

1408744589,Radio,198,2412,1152,Beacn,04:c5:a4:8d:ca:61,nyuguest

1408744589,Radio,177,2412,1152,Beacn,5c:50:15:05:9b:13,nyupda

1408744589,Radio,169,2412,1152,Beacn,30:46:9a:9b:e6:f8,Lafayette

1408744589,Radio,181,2412,1152,Beacn,04:c5:a4:81:e8:c3,nyupda

1408744589,Radio,190,2412,1152,Beacn,04:c5:a4:92:ae:23,nyupda

1408744589,Radio,167,2412,1152,Beacn,f8:e4:fb:d8:cc:a1,LDL4Q

1408744589,Radio,169,2412,1152,Beacn,20:aa:4b:26:be:b2,Jeff6j

1408744589,Radio,198,2412,1152,Beacn,04:c5:a4:8d:ca:60,nyu

1408744589,Radio,177,2412,1152,Beacn,5c:50:15:05:9b:12,NYU-ROAM3

1408744589,Radio,171,2412,1152,Beacn,00:22:6b:41:a4:b2,Farah

1408744589,Radio,181,2412,1152,Beacn,04:c5:a4:81:e8:c2,NYU-ROAM3

1408744589,Radio,190,2412,1152,Beacn,04:c5:a4:92:ae:22,NYU-ROAM3

1408744589,Radio,169,2412,1152,Beacn,2c:41:38:77:bf:f4,HP77BFF4

1408744589,Radio,177,2412,1152,Beacn,5c:50:15:05:9b:11,nyuguest

1408744589,Radio,181,2412,1152,Beacn,04:c5:a4:81:e8:c1,nyuguest

1408744589,Radio,175,2412,1152,Beacn,2c:b0:5d:2e:5b:68,9G

1408744589,Radio,168,2412,1152,Beacn,30:46:9a:9b:e6:f8,Lafayette

1408744589,Radio,181,2412,1152,Beacn,04:c5:a4:81:e8:c3,nyupda

1408744589,Radio,170,2412,1152,Beacn,08:ed:b9:73:71:be,DDW3611DB

1408744589,Radio,190,2412,1152,Beacn,04:c5:a4:92:ae:23,nyupda

1408744589,Radio,168,2412,1152,Beacn,e8:3e:fc:f6:bf:20,DG860A22

1408744589,Radio,170,2412,1152,Beacn,f8:e4:fb:d8:cc:a1,LDL4Q

1408744590,Radio,171,2412,1152,Beacn,20:aa:4b:26:be:b2,Jeff6j

1408744590,Radio,167,2412,1152,Beacn,48:f8:b3:3a:62:de,Rachel&Darrin

1408744590,Radio,181,2412,1152,Beacn,04:c5:a4:81:e8:c0,nyu

1408744590,Radio,190,2412,1152,Beacn,04:c5:a4:92:ae:20,nyu

1408744590,Radio,198,2412,1152,Beacn,04:c5:a4:8d:ca:60,nyu

1408744590,Radio,171,2412,1152,Beacn,40:70:09:ad:05:80,Suvall

1408744590,Radio,182,2412,1152,Beacn,04:c5:a4:81:e8:c2,NYU-ROAM3

1408744590,Radio,174,2412,1152,Beacn,30:46:9a:8b:e6:a2,peglegs

1408744590,Radio,198,2412,1152,Beacn,04:c5:a4:8d:ca:62,NYU-ROAM3

1408744590,Radio,177,2412,1152,Beacn,5c:50:15:05:9b:11,nyuguest

1408744590,Radio,182,2412,1152,Beacn,04:c5:a4:81:e8:c1,nyuguest

1408744590,Radio,177,2412,1152,Beacn,5c:50:15:05:9b:10,nyu

1408744590,Radio,176,2412,1152,Beacn,30:46:9a:8b:e6:a2,peglegs

1408744590,Radio,171,2412,1152,Beacn,00:24:36:a9:02:99,Emily's Wi-Fi Network

1408744590,Radio,166,2412,1152,Beacn,30:46:9a:9b:e6:f8,Lafayette

1408744590,Radio,180,2412,1152,Beacn,e8:3e:fc:f6:bf:20,DG860A22

1408744590,Radio,190,2412,1152,Beacn,04:c5:a4:92:ae:23,nyupda

1408744590,Radio,197,2412,1152,Beacn,04:c5:a4:8d:ca:63,nyupda

1408744590,Radio,170,2412,1152,Beacn,20:aa:4b:26:be:b2,Jeff6j

1408744590,Radio,177,2412,1152,Beacn,5c:50:15:05:9b:10,nyu

1408744590,Radio,177,2412,1152,Beacn,48:f8:b3:3a:43:62,Camery

1408744590,Radio,190,2412,1152,Beacn,04:c5:a4:92:ae:20,nyu

1408744590,Radio,198,2412,1152,Beacn,04:c5:a4:8d:ca:60,nyu

1408744590,Radio,170,2412,1152,Beacn,40:70:09:ad:05:80,Suvall

1408744590,Radio,178,2412,1152,Beacn,5c:50:15:05:9b:12,NYU-ROAM3

1408744590,Radio,172,2412,1152,Beacn,00:22:6b:41:a4:b2,Farah

1408744590,Radio,181,2412,1152,Beacn,04:c5:a4:81:e8:c2,NYU-ROAM3

1408744590,Radio,175,2412,1152,Beacn,30:46:9a:8b:e6:a2,peglegs

1408744590,Radio,190,2412,1152,Beacn,04:c5:a4:92:ae:22,NYU-ROAM3

1408744590,Radio,197,2412,1152,Beacn,04:c5:a4:8d:ca:62,NYU-ROAM3

1408744590,Radio,168,2412,1152,Beacn,2c:41:38:77:bf:f4,HP77BFF4

1408744590,Radio,177,2412,1152,Beacn,5c:50:15:05:9b:11,nyuguest

1408744590,Radio,170,2412,1152,Beacn,08:ed:b9:73:64:13,DDW36113D

1408744590,Radio,172,2412,1152,Beacn,00:24:36:a9:02:99,Emily's Wi-Fi Network

1408744590,Radio,197,2412,1152,Beacn,04:c5:a4:8d:ca:61,nyuguest

1408744590,Radio,177,2412,1152,Beacn,5c:50:15:05:9b:13,nyupda

1408744590,Radio,169,2412,1152,Beacn,08:ed:b9:73:71:be,DDW3611DB

1408744590,Radio,167,2412,1152,Beacn,e8:3e:fc:f6:bf:20,DG860A22

1408744590,Radio,190,2412,1152,Beacn,04:c5:a4:92:ae:23,nyupda

1408744590,Radio,197,2412,1152,Beacn,04:c5:a4:8d:ca:63,nyupda

1408744590,Radio,168,2412,1152,Beacn,20:aa:4b:26:be:b2,Jeff6j

1408744590,Radio,177,2412,1152,Beacn,48:f8:b3:3a:43:62,Camery

1408744590,Radio,182,2412,1152,Beacn,04:c5:a4:81:e8:c0,nyu

1408744590,Radio,190,2412,1152,Beacn,04:c5:a4:92:ae:20,nyu

1408744590,Radio,172,2412,1152,Beacn,00:22:6b:41:a4:b2,Farah

1408744590,Radio,177,2412,1152,Beacn,5c:50:15:05:9b:12,NYU-ROAM3

1408744590,Radio,174,2412,1152,Beacn,30:46:9a:8b:e6:a2,peglegs

1408744590,Radio,190,2412,1152,Beacn,04:c5:a4:92:ae:22,NYU-ROAM3

1408744590,Radio,197,2412,1152,Beacn,04:c5:a4:8d:ca:62,NYU-ROAM3

1408744590,Radio,168,2412,1152,Beacn,2c:41:38:77:bf:f4,HP77BFF4

1408744590,Radio,172,2412,1152,Beacn,08:ed:b9:73:64:13,DDW36113D

1408744590,Radio,170,2412,1152,Beacn,00:24:36:a9:02:99,Emily's Wi-Fi Network

1408744590,Radio,200,2412,1152,Probe,9e:e6:35:95:b3:23,Nintendo_3DS_continuous_scan_000

1408744590,Radio,181,2412,1152,Beacn,04:c5:a4:81:e8:c1,nyuguest

1408744590,Radio,190,2412,1152,Beacn,04:c5:a4:92:ae:21,nyuguest

1408744590,Radio,172,2412,1152,Beacn,f8:e4:fb:d8:cc:a1,LDL4Q

1408744590,Radio,190,2412,1152,Beacn,04:c5:a4:92:ae:23,nyupda

1408744590,Radio,171,2412,1152,Beacn,48:f8:b3:3a:62:de,Rachel&Darrin

1408744590,Radio,176,2412,1152,Beacn,48:f8:b3:3a:43:62,Camery

1408744590,Radio,181,2412,1152,Beacn,04:c5:a4:81:e8:c0,nyu

1408744590,Radio,172,2412,1152,Beacn,40:70:09:ad:05:80,Suvall

1408744590,Radio,198,2412,1152,Beacn,04:c5:a4:8d:ca:60,nyu

1408744590,Radio,173,2412,1152,Beacn,00:22:6b:41:a4:b2,Farah

1408744590,Radio,175,2412,1152,Beacn,30:46:9a:8b:e6:a2,peglegs

1408744590,Radio,181,2412,1152,Beacn,04:c5:a4:81:e8:c2,NYU-ROAM3

1408744590,Radio,190,2412,1152,Beacn,04:c5:a4:92:ae:22,NYU-ROAM3

1408744590,Radio,169,2412,1152,Beacn,2c:41:38:77:bf:f4,HP77BFF4

1408744590,Radio,171,2412,1152,Beacn,08:ed:b9:73:64:13,DDW36113D

1408744590,Radio,177,2412,1152,Beacn,5c:50:15:05:9b:11,nyuguest

1408744590,Radio,171,2412,1152,Beacn,00:24:36:a9:02:99,Emily's Wi-Fi Network

1408744590,Radio,198,2412,1152,Beacn,04:c5:a4:8d:ca:61,nyuguest

1408744590,Radio,181,2412,1152,Beacn,04:c5:a4:81:e8:c3,nyupda

1408744590,Radio,198,2412,1152,Beacn,04:c5:a4:8d:ca:63,nyupda

1408744590,Radio,181,2412,1152,Beacn,04:c5:a4:81:e8:c0,nyu

1408744590,Radio,190,2412,1152,Beacn,04:c5:a4:92:ae:20,nyu

1408744590,Radio,181,2412,1152,Beacn,04:c5:a4:81:e8:c2,NYU-ROAM3

1408744590,Radio,198,2412,1152,Beacn,04:c5:a4:8d:ca:62,NYU-ROAM3

1408744590,Radio,169,2412,1152,Beacn,08:ed:b9:73:64:13,DDW36113D

1408744590,Radio,190,2412,1152,Beacn,04:c5:a4:92:ae:21,nyuguest

1408744590,Radio,198,2412,1152,Beacn,04:c5:a4:8d:ca:61,nyuguest

1408744590,Radio,168,2412,1152,Beacn,08:ed:b9:73:71:be,DDW3611DB

1408744590,Radio,181,2412,1152,Beacn,04:c5:a4:81:e8:c3,nyupda

1408744590,Radio,190,2412,1152,Beacn,04:c5:a4:92:ae:23,nyupda

1408744590,Radio,198,2412,1152,Beacn,04:c5:a4:8d:ca:60,nyu

1408744590,Radio,190,2412,1152,Beacn,04:c5:a4:92:ae:22,NYU-ROAM3

1408744590,Radio,198,2412,1152,Beacn,04:c5:a4:8d:ca:62,NYU-ROAM3

1408744590,Radio,175,2412,1152,Beacn,30:46:9a:8b:e6:a2,peglegs

1408744590,Radio,166,2412,1152,Beacn,22:c9:d0:24:d3:22,oh my zod Guest Network

1408744590,Radio,170,2412,1152,Beacn,08:ed:b9:73:64:13,DDW36113D

1408744590,Radio,181,2412,1152,Beacn,04:c5:a4:81:e8:c1,nyuguest

1408744590,Radio,190,2412,1152,Beacn,04:c5:a4:92:ae:21,nyuguest

1408744590,Radio,198,2412,1152,Beacn,04:c5:a4:8d:ca:61,nyuguest

1408744590,Radio,181,2412,1152,Beacn,04:c5:a4:81:e8:c3,nyupda

1408744590,Radio,190,2412,1152,Beacn,04:c5:a4:92:ae:23,nyupda

1408744590,Radio,176,2412,1152,Beacn,5c:50:15:05:9b:10,nyu

1408744590,Radio,171,2412,1152,Beacn,40:70:09:ad:05:80,Suvall

1408744590,Radio,181,2412,1152,Beacn,04:c5:a4:81:e8:c0,nyu

1408744590,Radio,198,2412,1152,Beacn,04:c5:a4:8d:ca:60,nyu

1408744590,Radio,175,2412,1152,Beacn,30:46:9a:8b:e6:a2,peglegs

1408744590,Radio,171,2412,1152,Beacn,2c:41:38:77:bf:f4,HP77BFF4

1408744590,Radio,181,2412,1152,Beacn,04:c5:a4:81:e8:c2,NYU-ROAM3

1408744590,Radio,190,2412,1152,Beacn,04:c5:a4:92:ae:22,NYU-ROAM3

1408744590,Radio,198,2412,1152,Beacn,04:c5:a4:8d:ca:62,NYU-ROAM3

1408744590,Radio,177,2412,1152,Beacn,5c:50:15:05:9b:11,nyuguest

1408744590,Radio,175,2412,1152,Beacn,2c:b0:5d:2e:5b:68,9G

1408744590,Radio,169,2412,1152,Beacn,00:24:36:a9:02:99,Emily's Wi-Fi Network

1408744590,Radio,190,2412,1152,Beacn,04:c5:a4:92:ae:21,nyuguest

1408744590,Radio,198,2412,1152,Beacn,04:c5:a4:8d:ca:61,nyuguest

1408744590,Radio,170,2412,1152,Beacn,f8:e4:fb:d8:cc:a1,LDL4Q

1408744590,Radio,181,2412,1152,Beacn,04:c5:a4:81:e8:c3,nyupda

1408744590,Radio,197,2412,1152,Beacn,04:c5:a4:8d:ca:63,nyupda

1408744590,Radio,169,2412,1152,Beacn,48:f8:b3:3a:62:de,Rachel&Darrin

1408744590,Radio,171,2412,1152,Beacn,40:70:09:ad:05:80,Suvall

1408744590,Radio,170,2412,1152,Beacn,00:22:6b:41:a4:b2,Farah

1408744590,Radio,190,2412,1152,Beacn,04:c5:a4:92:ae:20,nyu

1408744590,Radio,198,2412,1152,Beacn,04:c5:a4:8d:ca:60,nyu

1408744590,Radio,177,2412,1152,Beacn,30:46:9a:8b:e6:a2,peglegs

1408744590,Radio,181,2412,1152,Beacn,04:c5:a4:81:e8:c2,NYU-ROAM3

1408744590,Radio,198,2412,1152,Beacn,04:c5:a4:8d:ca:62,NYU-ROAM3

1408744590,Radio,173,2412,1152,Beacn,00:24:36:a9:02:99,Emily's Wi-Fi Network

1408744590,Radio,169,2412,1152,Beacn,30:46:9a:9b:e6:f8,Lafayette

1408744590,Radio,181,2412,1152,Beacn,04:c5:a4:81:e8:c1,nyuguest

1408744590,Radio,190,2412,1152,Beacn,04:c5:a4:92:ae:21,nyuguest

1408744590,Radio,199,2412,1152,Probe,9e:e6:35:95:b3:23,Nintendo_3DS_continuous_scan_000

1408744590,Radio,197,2412,1152,Beacn,04:c5:a4:8d:ca:61,nyuguest

1408744590,Radio,171,2412,1152,Beacn,08:ed:b9:73:71:be,DDW3611DB

1408744590,Radio,172,2412,1152,Beacn,f8:e4:fb:d8:cc:a1,LDL4Q

1408744590,Radio,178,2412,1152,Beacn,5c:50:15:05:9b:13,nyupda

1408744590,Radio,181,2412,1152,Beacn,04:c5:a4:81:e8:c3,nyupda

1408744590,Radio,197,2412,1152,Beacn,04:c5:a4:8d:ca:63,nyupda

1408744590,Radio,168,2412,1152,Beacn,48:f8:b3:3a:62:de,Rachel&Darrin

1408744590,Radio,171,2412,1152,Beacn,40:70:09:ad:05:80,Suvall

1408744590,Radio,181,2412,1152,Beacn,04:c5:a4:81:e8:c0,nyu

1408744590,Radio,190,2412,1152,Beacn,04:c5:a4:92:ae:20,nyu

1408744590,Radio,197,2412,1152,Beacn,04:c5:a4:8d:ca:60,nyu

1408744590,Radio,173,2412,1152,Beacn,30:46:9a:8b:e6:a2,peglegs

1408744590,Radio,182,2412,1152,Beacn,04:c5:a4:81:e8:c2,NYU-ROAM3

1408744590,Radio,173,2412,1152,Beacn,00:24:36:a9:02:99,Emily's Wi-Fi Network

1408744591,Radio,197,2412,1152,Beacn,04:c5:a4:8d:ca:61,nyuguest

1408744591,Radio,172,2412,1152,Beacn,40:70:09:ad:05:80,Suvall

1408744591,Radio,197,2412,1152,Beacn,04:c5:a4:8d:ca:60,nyu

1408744591,Radio,175,2412,1152,Beacn,30:46:9a:8b:e6:a2,peglegs

1408744591,Radio,181,2412,1152,Beacn,04:c5:a4:81:e8:c2,NYU-ROAM3

1408744591,Radio,190,2412,1152,Beacn,04:c5:a4:92:ae:22,NYU-ROAM3

1408744591,Radio,171,2412,1152,Beacn,08:ed:b9:73:64:13,DDW36113D

1408744591,Radio,197,2412,1152,Beacn,04:c5:a4:8d:ca:62,NYU-ROAM3

1408744591,Radio,181,2412,1152,Beacn,04:c5:a4:81:e8:c1,nyuguest

1408744591,Radio,168,2412,1152,Beacn,e8:3e:fc:f6:bf:20,DG860A22

1408744591,Radio,177,2412,1152,Beacn,5c:50:15:05:9b:13,nyupda

1408744591,Radio,170,2412,1152,Beacn,20:aa:4b:26:be:b2,Jeff6j

1408744591,Radio,181,2412,1152,Beacn,04:c5:a4:81:e8:c3,nyupda

1408744591,Radio,190,2412,1152,Beacn,04:c5:a4:92:ae:23,nyupda

1408744591,Radio,169,2412,1152,Beacn,48:f8:b3:3a:62:de,Rachel&Darrin

1408744591,Radio,197,2412,1152,Beacn,04:c5:a4:8d:ca:63,nyupda

1408744591,Radio,171,2412,1152,Beacn,40:70:09:ad:05:80,Suvall

1408744591,Radio,177,2412,1152,Beacn,5c:50:15:05:9b:10,nyu

1408744591,Radio,171,2412,1152,Beacn,00:22:6b:41:a4:b2,Farah

1408744591,Radio,182,2412,1152,Beacn,04:c5:a4:81:e8:c0,nyu

1408744591,Radio,200,2412,1152,Probe,9e:e6:35:95:b3:23,Nintendo_3DS_continuous_scan_000

1408744591,Radio,169,2412,1152,Beacn,2c:41:38:77:bf:f4,HP77BFF4

1408744591,Radio,178,2412,1152,Beacn,5c:50:15:05:9b:12,NYU-ROAM3

1408744591,Radio,168,2412,1152,Beacn,08:ed:b9:73:64:13,DDW36113D

1408744591,Radio,181,2412,1152,Beacn,04:c5:a4:81:e8:c2,NYU-ROAM3

1408744591,Radio,190,2412,1152,Beacn,04:c5:a4:92:ae:22,NYU-ROAM3

1408744591,Radio,172,2412,1152,Beacn,00:24:36:a9:02:99,Emily's Wi-Fi Network

1408744591,Radio,197,2412,1152,Beacn,04:c5:a4:8d:ca:62,NYU-ROAM3

1408744591,Radio,177,2412,1152,Beacn,5c:50:15:05:9b:11,nyuguest

1408744591,Radio,181,2412,1152,Beacn,04:c5:a4:81:e8:c1,nyuguest

1408744591,Radio,190,2412,1152,Beacn,04:c5:a4:92:ae:21,nyuguest

1408744591,Radio,177,2412,1152,Beacn,5c:50:15:05:9b:13,nyupda

1408744591,Radio,171,2412,1152,Beacn,20:aa:4b:26:be:b2,Jeff6j

1408744591,Radio,165,2437,1152,Beacn,e8:8d:28:61:fa:19,Poppy

1408744591,Radio,177,2437,1152,Beacn,04:c5:a4:92:4f:13,nyupda

1408744591,Radio,173,2437,1152,Beacn,e0:46:9a:51:be:eb,ADK's Web

1408744591,Radio,192,2437,1152,Beacn,04:c5:a4:92:5a:83,nyupda

1408744591,Radio,198,2437,1152,Probe,9e:e6:35:95:b3:23,Nintendo_3DS_continuous_scan_000

1408744591,Radio,183,2437,1152,Beacn,40:70:09:58:5d:00,arisoup

1408744591,Radio,185,2437,1152,Beacn,04:c5:a4:c2:2f:01,nyuguest

1408744591,Radio,176,2437,1152,Beacn,04:c5:a4:92:4f:10,nyu

1408744591,Radio,186,2437,1152,Beacn,00:3a:98:36:82:70,itpsandbox

1408744591,Radio,168,2437,1152,Beacn,98:4b:e1:52:73:44,HP-nomodel.2B564A

1408744591,Radio,192,2437,1152,Beacn,04:c5:a4:92:5a:82,NYU-ROAM3

1408744591,Radio,171,2437,1152,Beacn,00:1b:63:2b:67:62,mayur

1408744591,Radio,177,2437,1152,Beacn,04:c5:a4:92:4f:11,nyuguest

1408744591,Radio,185,2437,1152,Beacn,04:c5:a4:c2:2f:00,nyu

1408744591,Radio,177,2437,1152,Beacn,04:c5:a4:92:4f:13,nyupda

1408744591,Radio,186,2437,1152,Beacn,04:c5:a4:c2:2f:02,NYU-ROAM3

1408744591,Radio,192,2437,1152,Beacn,04:c5:a4:92:5a:83,nyupda

1408744591,Radio,172,2437,1152,Beacn,e0:46:9a:51:be:eb,ADK's Web

1408744591,Radio,184,2437,1152,Beacn,40:70:09:58:5d:00,arisoup

1408744591,Radio,186,2437,1152,Beacn,04:c5:a4:c2:2f:01,nyuguest

1408744591,Radio,192,2437,1152,Beacn,04:c5:a4:92:5a:80,nyu

1408744591,Radio,186,2437,1152,Beacn,00:3a:98:36:82:70,itpsandbox

1408744591,Radio,168,2437,1152,Beacn,98:4b:e1:52:73:44,HP-nomodel.2B564A

1408744591,Radio,169,2437,1152,Beacn,04:1e:64:99:4c:8d,mayur

1408744591,Radio,173,2437,1152,Beacn,00:1b:63:2b:67:62,mayur

1408744591,Radio,192,2437,1152,Beacn,04:c5:a4:92:5a:82,NYU-ROAM3

1408744591,Radio,186,2437,1152,Beacn,04:c5:a4:c2:2f:00,nyu

1408744591,Radio,192,2437,1152,Beacn,04:c5:a4:92:5a:81,nyuguest

1408744591,Radio,186,2437,1152,Beacn,04:c5:a4:c2:2f:02,NYU-ROAM3

1408744591,Radio,183,2437,1152,Beacn,40:70:09:58:5d:00,arisoup

1408744591,Radio,186,2437,1152,Beacn,04:c5:a4:c2:2f:01,nyuguest

1408744591,Radio,186,2437,1152,Beacn,00:3a:98:36:82:70,itpsandbox

1408744591,Radio,191,2437,1152,Beacn,04:c5:a4:92:5a:80,nyu

1408744591,Radio,172,2437,1152,Beacn,00:1b:63:2b:67:62,mayur

1408744591,Radio,192,2437,1152,Beacn,04:c5:a4:92:5a:82,NYU-ROAM3

1408744591,Radio,177,2437,1152,Beacn,04:c5:a4:92:4f:11,nyuguest

1408744591,Radio,186,2437,1152,Beacn,04:c5:a4:c2:2f:00,nyu

1408744591,Radio,169,2437,1152,Beacn,fa:8f:ca:3f:41:e0,300mercer

1408744591,Radio,173,2437,1152,Beacn,08:17:35:dd:b9:c1,nyuguest

1408744591,Radio,192,2437,1152,Beacn,04:c5:a4:92:5a:81,nyuguest

1408744591,Radio,174,2437,1152,Beacn,e0:46:9a:51:be:eb,ADK's Web

1408744591,Radio,186,2437,1152,Beacn,04:c5:a4:c2:2f:02,NYU-ROAM3

1408744591,Radio,192,2437,1152,Beacn,04:c5:a4:92:5a:83,nyupda

1408744591,Radio,183,2437,1152,Beacn,40:70:09:58:5d:00,arisoup

1408744591,Radio,177,2437,1152,Beacn,04:c5:a4:92:4f:10,nyu

1408744591,Radio,186,2437,1152,Beacn,00:3a:98:36:82:70,itpsandbox

1408744591,Radio,178,2437,1152,Beacn,04:c5:a4:92:4f:12,NYU-ROAM3

1408744591,Radio,174,2437,1152,Beacn,08:17:35:dd:b9:c2,NYU-ROAM3

1408744591,Radio,192,2437,1152,Beacn,04:c5:a4:92:5a:82,NYU-ROAM3

1408744591,Radio,178,2437,1152,Beacn,04:c5:a4:92:4f:11,nyuguest

1408744591,Radio,169,2437,1152,Beacn,fa:8f:ca:3f:41:e0,300mercer

1408744591,Radio,192,2437,1152,Beacn,04:c5:a4:92:5a:81,nyuguest

1408744591,Radio,177,2437,1152,Beacn,04:c5:a4:92:4f:13,nyupda

1408744591,Radio,185,2437,1152,Beacn,04:c5:a4:c2:2f:02,NYU-ROAM3

1408744591,Radio,174,2437,1152,Beacn,08:17:35:dd:b9:c3,nyupda

1408744591,Radio,192,2437,1152,Beacn,04:c5:a4:92:5a:83,nyupda

1408744591,Radio,183,2437,1152,Beacn,40:70:09:58:5d:00,arisoup

1408744591,Radio,186,2437,1152,Beacn,04:c5:a4:c2:2f:01,nyuguest

1408744591,Radio,177,2437,1152,Beacn,04:c5:a4:92:4f:10,nyu

1408744591,Radio,186,2437,1152,Beacn,00:3a:98:36:82:70,itpsandbox

1408744591,Radio,192,2437,1152,Beacn,04:c5:a4:92:5a:80,nyu

1408744591,Radio,186,2437,1152,Beacn,04:c5:a4:c2:2f:03,nyupda

1408744591,Radio,176,2437,1152,Beacn,04:c5:a4:92:4f:12,NYU-ROAM3

1408744591,Radio,171,2437,1152,Beacn,00:1b:63:2b:67:62,mayur

1408744591,Radio,192,2437,1152,Beacn,04:c5:a4:92:5a:82,NYU-ROAM3

1408744591,Radio,192,2437,1152,Beacn,04:c5:a4:92:5a:83,nyupda

1408744591,Radio,183,2437,1152,Beacn,40:70:09:58:5d:00,arisoup

1408744591,Radio,192,2437,1152,Beacn,04:c5:a4:92:5a:81,nyuguest

1408744591,Radio,185,2437,1152,Beacn,04:c5:a4:c2:2f:02,NYU-ROAM3

1408744591,Radio,198,2437,1152,Probe,9e:e6:35:95:b3:23,Nintendo_3DS_continuous_scan_000

1408744591,Radio,171,2437,1152,Beacn,f8:ed:a5:35:7d:90,DG860A92

1408744591,Radio,186,2437,1152,Beacn,04:c5:a4:c2:2f:01,nyuguest

1408744591,Radio,185,2437,1152,Beacn,00:3a:98:36:82:70,itpsandbox

1408744591,Radio,186,2437,1152,Beacn,04:c5:a4:c2:2f:03,nyupda

1408744591,Radio,173,2437,1152,Beacn,00:1b:63:2b:67:62,mayur

1408744591,Radio,174,2437,1152,Beacn,08:17:35:dd:b9:c0,nyu

1408744591,Radio,185,2437,1152,Beacn,04:c5:a4:c2:2f:00,nyu

1408744591,Radio,174,2437,1152,Beacn,08:17:35:dd:b9:c1,nyuguest

1408744591,Radio,175,2437,1152,Beacn,08:17:35:dd:b9:c2,NYU-ROAM3

1408744591,Radio,192,2437,1152,Beacn,04:c5:a4:92:5a:81,nyuguest

1408744591,Radio,173,2437,1152,Beacn,e0:46:9a:51:be:eb,ADK's Web

1408744591,Radio,177,2437,1152,Beacn,04:c5:a4:92:4f:13,nyupda

1408744591,Radio,185,2437,1152,Beacn,04:c5:a4:c2:2f:02,NYU-ROAM3

1408744591,Radio,184,2437,1152,Beacn,40:70:09:58:5d:00,arisoup

1408744591,Radio,192,2437,1152,Beacn,04:c5:a4:92:5a:83,nyupda

1408744591,Radio,166,2437,1152,Beacn,fc:0a:81:86:2f:31,stores

1408744591,Radio,172,2437,1152,Beacn,f8:ed:a5:35:7d:90,DG860A92

1408744591,Radio,178,2437,1152,Beacn,04:c5:a4:92:4f:10,nyu

1408744591,Radio,186,2437,1152,Beacn,00:3a:98:36:82:70,itpsandbox

1408744591,Radio,170,2437,1152,Beacn,98:4b:e1:52:73:44,HP-nomodel.2B564A

1408744591,Radio,171,2437,1152,Beacn,fa:8f:ca:3f:41:e0,300mercer

1408744591,Radio,186,2437,1152,Beacn,04:c5:a4:c2:2f:00,nyu

1408744591,Radio,192,2437,1152,Beacn,04:c5:a4:92:5a:81,nyuguest

1408744591,Radio,186,2437,1152,Beacn,04:c5:a4:c2:2f:02,NYU-ROAM3

1408744591,Radio,183,2437,1152,Beacn,40:70:09:58:5d:00,arisoup

1408744591,Radio,192,2437,1152,Beacn,04:c5:a4:92:5a:83,nyupda

1408744591,Radio,186,2437,1152,Beacn,04:c5:a4:c2:2f:01,nyuguest

1408744592,Radio,186,2437,1152,Beacn,00:3a:98:36:82:70,itpsandbox

1408744592,Radio,177,2437,1152,Beacn,04:c5:a4:92:4f:10,nyu

1408744592,Radio,169,2437,1152,Beacn,98:4b:e1:52:73:44,HP-nomodel.2B564A

1408744592,Radio,186,2437,1152,Beacn,04:c5:a4:c2:2f:03,nyupda

1408744592,Radio,171,2437,1152,Beacn,00:1b:63:2b:67:62,mayur

1408744592,Radio,173,2437,1152,Beacn,08:17:35:dd:b9:c2,NYU-ROAM3

1408744592,Radio,198,2437,1152,Probe,9e:e6:35:95:b3:23,Nintendo_3DS_continuous_scan_000

1408744592,Radio,176,2437,1152,Beacn,04:c5:a4:92:4f:11,nyuguest

1408744592,Radio,174,2437,1152,Beacn,08:17:35:dd:b9:c1,nyuguest

1408744592,Radio,192,2437,1152,Beacn,04:c5:a4:92:5a:81,nyuguest

1408744592,Radio,176,2437,1152,Beacn,04:c5:a4:92:4f:13,nyupda

1408744592,Radio,185,2437,1152,Beacn,04:c5:a4:c2:2f:02,NYU-ROAM3

1408744592,Radio,182,2437,1152,Beacn,40:70:09:58:5d:00,arisoup

1408744592,Radio,169,2437,1152,Probe,5c:f6:dc:0a:dc:85,BROADCAST

1408744592,Radio,168,2437,1152,Probe,5c:f6:dc:0a:dc:85,BROADCAST

1408744592,Radio,174,2437,1152,Beacn,1c:c1:de:d3:4c:b8,hpsetup

1408744592,Radio,193,2437,1152,Beacn,04:c5:a4:92:5a:80,nyu

1408744592,Radio,169,2437,1152,Beacn,00:1c:df:f3:d1:39,CAP

1408744592,Radio,194,2437,1152,Beacn,04:c5:a4:92:5a:82,NYU-ROAM3

1408744592,Radio,168,2437,1152,Beacn,fa:8f:ca:3f:41:e0,300mercer

1408744592,Radio,186,2437,1152,Beacn,04:c5:a4:c2:2f:00,nyu

1408744592,Radio,166,2437,1152,Beacn,e8:8d:28:61:fa:19,Poppy

1408744592,Radio,194,2437,1152,Beacn,04:c5:a4:92:5a:81,nyuguest

1408744592,Radio,166,2437,1152,Beacn,fc:0a:81:86:2f:32,RTV527TKIP

1408744592,Radio,176,2437,1152,Beacn,04:c5:a4:92:4f:13,nyupda

1408744592,Radio,182,2437,1152,Beacn,40:70:09:58:5d:00,arisoup

1408744592,Radio,186,2437,1152,Beacn,04:c5:a4:c2:2f:02,NYU-ROAM3

1408744592,Radio,185,2437,1152,Beacn,00:3a:98:36:82:70,itpsandbox

1408744592,Radio,195,2437,1152,Beacn,04:c5:a4:92:5a:80,nyu

1408744592,Radio,171,2437,1152,Beacn,00:1b:63:2b:67:62,mayur

1408744592,Radio,186,2437,1152,Beacn,04:c5:a4:c2:2f:03,nyupda

1408744592,Radio,176,2437,1152,Beacn,04:c5:a4:92:4f:12,NYU-ROAM3

1408744592,Radio,194,2437,1152,Beacn,04:c5:a4:92:5a:82,NYU-ROAM3

1408744592,Radio,170,2437,1152,Beacn,fa:8f:ca:3f:41:e0,300mercer

1408744592,Radio,195,2437,1152,Beacn,04:c5:a4:92:5a:81,nyuguest

1408744592,Radio,173,2437,1152,Beacn,e0:46:9a:51:be:eb,ADK's Web

1408744592,Radio,183,2437,1152,Beacn,40:70:09:58:5d:00,arisoup

1408744592,Radio,186,2437,1152,Beacn,04:c5:a4:c2:2f:02,NYU-ROAM3

1408744592,Radio,195,2437,1152,Beacn,04:c5:a4:92:5a:83,nyupda

1408744592,Radio,197,2437,1152,Probe,9e:e6:35:95:b3:23,Nintendo_3DS_continuous_scan_000

1408744592,Radio,185,2437,1152,Beacn,00:3a:98:36:82:70,itpsandbox

1408744592,Radio,185,2437,1152,Beacn,04:c5:a4:c2:2f:01,nyuguest

1408744592,Radio,170,2437,1152,Beacn,98:fc:11:46:2c:7b,Switch856

1408744592,Radio,173,2437,1152,Beacn,1c:c1:de:d3:4c:b8,hpsetup

1408744592,Radio,170,2437,1152,Beacn,98:4b:e1:52:73:44,HP-nomodel.2B564A

1408744592,Radio,174,2437,1152,Beacn,08:17:35:dd:b9:c0,nyu

1408744592,Radio,173,2437,1152,Beacn,00:1b:63:2b:67:62,mayur

1408744592,Radio,167,2437,1152,Beacn,00:1c:df:f3:d1:39,CAP

1408744592,Radio,175,2437,1152,Beacn,04:c5:a4:92:4f:12,NYU-ROAM3

1408744592,Radio,174,2437,1152,Beacn,08:17:35:dd:b9:c2,NYU-ROAM3

1408744592,Radio,195,2437,1152,Beacn,04:c5:a4:92:5a:82,NYU-ROAM3

1408744592,Radio,176,2437,1152,Beacn,04:c5:a4:92:4f:11,nyuguest

1408744592,Radio,185,2437,1152,Beacn,04:c5:a4:c2:2f:00,nyu

1408744592,Radio,195,2437,1152,Beacn,04:c5:a4:92:5a:81,nyuguest

1408744592,Radio,182,2437,1152,Beacn,40:70:09:58:5d:00,arisoup

1408744592,Radio,185,2437,1152,Beacn,04:c5:a4:c2:2f:02,NYU-ROAM3

1408744592,Radio,185,2437,1152,Beacn,00:3a:98:36:82:70,itpsandbox

1408744592,Radio,168,2437,1152,Beacn,f8:e4:fb:c6:ea:13,ZNJGN

1408744592,Radio,185,2437,1152,Beacn,04:c5:a4:c2:2f:01,nyuguest

1408744592,Radio,174,2437,1152,Beacn,08:17:35:dd:b9:c0,nyu

1408744592,Radio,195,2437,1152,Beacn,04:c5:a4:92:5a:80,nyu

1408744592,Radio,170,2437,1152,Beacn,68:7f:74:33:e0:a2,BFam

1408744592,Radio,186,2437,1152,Beacn,04:c5:a4:c2:2f:03,nyupda

1408744592,Radio,176,2437,1152,Beacn,04:c5:a4:92:4f:12,NYU-ROAM3

1408744592,Radio,174,2437,1152,Beacn,08:17:35:dd:b9:c2,NYU-ROAM3

1408744592,Radio,195,2437,1152,Beacn,04:c5:a4:92:5a:82,NYU-ROAM3

1408744592,Radio,176,2437,1152,Beacn,04:c5:a4:92:4f:11,nyuguest

1408744592,Radio,195,2437,1152,Beacn,04:c5:a4:92:5a:81,nyuguest

1408744592,Radio,182,2437,1152,Beacn,40:70:09:58:5d:00,arisoup

1408744592,Radio,176,2437,1152,Beacn,04:c5:a4:92:4f:13,nyupda

1408744592,Radio,185,2437,1152,Beacn,04:c5:a4:c2:2f:02,NYU-ROAM3

1408744592,Radio,185,2437,1152,Beacn,00:3a:98:36:82:70,itpsandbox

1408744592,Radio,185,2437,1152,Beacn,04:c5:a4:c2:2f:01,nyuguest

1408744592,Radio,170,2437,1152,Beacn,1c:c1:de:d3:4c:b8,hpsetup

1408744592,Radio,172,2437,1152,Beacn,00:1b:63:2b:67:62,mayur

1408744592,Radio,185,2437,1152,Beacn,04:c5:a4:c2:2f:03,nyupda

1408744592,Radio,177,2437,1152,Beacn,04:c5:a4:92:4f:12,NYU-ROAM3

1408744592,Radio,195,2437,1152,Beacn,04:c5:a4:92:5a:82,NYU-ROAM3

1408744592,Radio,197,2437,1152,Probe,9e:e6:35:95:b3:23,Nintendo_3DS_continuous_scan_000

1408744592,Radio,185,2437,1152,Beacn,04:c5:a4:c2:2f:00,nyu

1408744592,Radio,195,2437,1152,Beacn,04:c5:a4:92:5a:81,nyuguest

1408744592,Radio,182,2437,1152,Beacn,40:70:09:58:5d:00,arisoup

1408744592,Radio,195,2437,1152,Beacn,04:c5:a4:92:5a:83,nyupda

1408744592,Radio,176,2437,1152,Probe,00:0e:58:7a:ac:a1,HHID_Z96TSvl0r8qRfBFutW1QTXdme4D

1408744592,Radio,185,2437,1152,Beacn,00:3a:98:36:82:70,itpsandbox

1408744592,Radio,172,2437,1152,Beacn,1c:c1:de:d3:4c:b8,hpsetup

1408744592,Radio,185,2437,1152,Beacn,04:c5:a4:c2:2f:03,nyupda

1408744592,Radio,176,2437,1152,Beacn,04:c5:a4:92:4f:12,NYU-ROAM3

1408744592,Radio,175,2437,1152,Beacn,08:17:35:dd:b9:c2,NYU-ROAM3

1408744592,Radio,195,2437,1152,Beacn,04:c5:a4:92:5a:82,NYU-ROAM3

1408744592,Radio,175,2437,1152,Beacn,04:c5:a4:92:4f:11,nyuguest

1408744592,Radio,185,2437,1152,Beacn,04:c5:a4:c2:2f:00,nyu

1408744592,Radio,174,2437,1152,Beacn,08:17:35:dd:b9:c1,nyuguest

1408744592,Radio,195,2437,1152,Beacn,04:c5:a4:92:5a:81,nyuguest

1408744592,Radio,182,2437,1152,Beacn,40:70:09:58:5d:00,arisoup

1408744592,Radio,184,2437,1152,Beacn,04:c5:a4:c2:2f:02,NYU-ROAM3

1408744592,Radio,185,2437,1152,Beacn,00:3a:98:36:82:70,itpsandbox

1408744592,Radio,166,2437,1152,Beacn,f8:e4:fb:c6:ea:13,ZNJGN

1408744592,Radio,194,2437,1152,Beacn,04:c5:a4:92:5a:80,nyu

1408744592,Radio,176,2437,1152,Beacn,04:c5:a4:92:4f:12,NYU-ROAM3

1408744592,Radio,167,2437,1152,Beacn,fa:8f:ca:3f:41:e0,300mercer

1408744592,Radio,195,2437,1152,Beacn,04:c5:a4:92:5a:82,NYU-ROAM3

1408744592,Radio,195,2437,1152,Beacn,04:c5:a4:92:5a:81,nyuguest

1408744592,Radio,182,2437,1152,Beacn,40:70:09:58:5d:00,arisoup

1408744592,Radio,176,2437,1152,Beacn,04:c5:a4:92:4f:13,nyupda

1408744592,Radio,171,2437,1152,Beacn,c0:c1:c0:96:5c:d3,Frank

1408744592,Radio,194,2437,1152,Beacn,04:c5:a4:92:5a:83,nyupda

1408744592,Radio,174,2437,1152,Beacn,08:17:35:dd:b9:c3,nyupda

1408744592,Radio,185,2437,1152,Beacn,00:3a:98:36:82:70,itpsandbox

1408744592,Radio,184,2437,1152,Beacn,04:c5:a4:c2:2f:01,nyuguest

1408744592,Radio,197,2437,1152,Probe,9e:e6:35:95:b3:23,Nintendo_3DS_continuous_scan_000

1408744592,Radio,177,2437,1152,Beacn,04:c5:a4:92:4f:10,nyu

1408744592,Radio,173,2437,1152,Beacn,00:1b:63:2b:67:62,mayur

1408744592,Radio,175,2437,1152,Beacn,08:17:35:dd:b9:c0,nyu

1408744592,Radio,194,2437,1152,Beacn,04:c5:a4:92:5a:80,nyu

1408744592,Radio,176,2437,1152,Beacn,04:c5:a4:92:4f:12,NYU-ROAM3

1408744592,Radio,195,2437,1152,Beacn,04:c5:a4:92:5a:82,NYU-ROAM3

1408744592,Radio,176,2437,1152,Beacn,04:c5:a4:92:4f:11,nyuguest

1408744592,Radio,184,2437,1152,Beacn,04:c5:a4:c2:2f:00,nyu

1408744592,Radio,173,2437,1152,Beacn,e0:46:9a:51:be:eb,ADK's Web

1408744592,Radio,195,2437,1152,Beacn,04:c5:a4:92:5a:81,nyuguest

1408744592,Radio,182,2437,1152,Beacn,40:70:09:58:5d:00,arisoup

1408744592,Radio,195,2437,1152,Beacn,04:c5:a4:92:5a:83,nyupda

1408744592,Radio,185,2437,1152,Beacn,00:3a:98:36:82:70,itpsandbox

1408744592,Radio,167,2437,1152,Beacn,98:fc:11:46:2c:7b,Switch856

1408744592,Radio,172,2437,1152,Beacn,00:1b:63:2b:67:62,mayur

1408744592,Radio,168,2437,1152,Beacn,04:1e:64:99:4c:8d,mayur

1408744592,Radio,172,2437,1152,Beacn,1c:c1:de:d3:4c:b8,hpsetup

1408744592,Radio,195,2437,1152,Beacn,04:c5:a4:92:5a:80,nyu

1408744592,Radio,185,2437,1152,Beacn,04:c5:a4:c2:2f:03,nyupda

1408744592,Radio,185,2437,1152,Beacn,04:c5:a4:c2:2f:00,nyu

1408744593,Radio,174,2437,1152,Beacn,08:17:35:dd:b9:c1,nyuguest

1408744593,Radio,195,2437,1152,Beacn,04:c5:a4:92:5a:81,nyuguest

1408744593,Radio,182,2437,1152,Beacn,40:70:09:58:5d:00,arisoup

1408744593,Radio,185,2437,1152,Beacn,04:c5:a4:c2:2f:02,NYU-ROAM3

1408744593,Radio,185,2437,1152,Beacn,00:3a:98:36:82:70,itpsandbox

1408744593,Radio,194,2437,1152,Beacn,04:c5:a4:92:5a:83,nyupda

1408744593,Radio,168,2437,1152,Beacn,98:fc:11:46:2c:7b,Switch856

1408744593,Radio,185,2437,1152,Beacn,04:c5:a4:c2:2f:01,nyuguest

1408744593,Radio,172,2437,1152,Beacn,00:1b:63:2b:67:62,mayur

1408744593,Radio,175,2437,1152,Beacn,08:17:35:dd:b9:c0,nyu

1408744593,Radio,194,2437,1152,Beacn,04:c5:a4:92:5a:80,nyu

1408744593,Radio,186,2437,1152,Beacn,04:c5:a4:c2:2f:03,nyupda

1408744593,Radio,176,2437,1152,Beacn,04:c5:a4:92:4f:11,nyuguest

1408744593,Radio,185,2437,1152,Beacn,04:c5:a4:c2:2f:00,nyu

1408744593,Radio,198,2437,1152,Probe,9e:e6:35:95:b3:23,Nintendo_3DS_continuous_scan_000

1408744593,Radio,183,2437,1152,Beacn,40:70:09:58:5d:00,arisoup

1408744593,Radio,195,2437,1152,Beacn,04:c5:a4:92:5a:81,nyuguest

1408744593,Radio,177,2437,1152,Probe,00:0e:58:7a:ac:a1,HHID_Z96TSvl0r8qRfBFutW1QTXdme4D

1408744593,Radio,169,2437,1152,Beacn,f8:ed:a5:35:7d:90,DG860A92

1408744593,Radio,169,2437,1152,Beacn,c0:c1:c0:96:5c:d3,Frank

1408744593,Radio,176,2437,1152,Beacn,04:c5:a4:92:4f:13,nyupda

1408744593,Radio,185,2437,1152,Beacn,04:c5:a4:c2:2f:02,NYU-ROAM3

1408744593,Radio,185,2437,1152,Beacn,00:3a:98:36:82:70,itpsandbox

1408744593,Radio,194,2437,1152,Beacn,04:c5:a4:92:5a:83,nyupda

1408744593,Radio,183,2437,1152,Beacn,04:c5:a4:c2:2f:00,nyu

1408744593,Radio,182,2437,1152,Beacn,40:70:09:58:5d:00,arisoup

1408744593,Radio,195,2437,1152,Beacn,04:c5:a4:92:5a:81,nyuguest

1408744593,Radio,172,2437,1152,Beacn,c0:c1:c0:96:5c:d3,Frank

1408744593,Radio,185,2437,1152,Beacn,00:3a:98:36:82:70,itpsandbox

1408744593,Radio,194,2437,1152,Beacn,04:c5:a4:92:5a:83,nyupda

1408744593,Radio,170,2437,1152,Beacn,04:1e:64:99:4c:8d,mayur

1408744593,Radio,173,2437,1152,Beacn,1c:c1:de:d3:4c:b8,hpsetup

1408744593,Radio,184,2437,1152,Beacn,04:c5:a4:c2:2f:01,nyuguest

1408744593,Radio,182,2437,1152,Beacn,40:70:09:58:5d:00,arisoup

1408744593,Radio,183,2437,1152,Beacn,40:70:09:58:5d:00,arisoup

1408744593,Radio,187,2437,1152,Beacn,00:3a:98:36:82:70,itpsandbox

1408744593,Radio,184,2437,1152,Beacn,00:3a:98:36:82:70,itpsandbox

1408744593,Radio,194,2437,1152,Beacn,04:c5:a4:92:5a:81,nyuguest

1408744593,Radio,175,2437,1152,Beacn,08:17:35:dd:b9:c0,nyu

1408744593,Radio,169,2437,1152,Beacn,fa:8f:ca:3f:41:e0,300mercer

1408744593,Radio,175,2437,1152,Beacn,08:17:35:dd:b9:c2,NYU-ROAM3

1408744593,Radio,194,2437,1152,Beacn,04:c5:a4:92:5a:82,NYU-ROAM3

1408744593,Radio,175,2437,1152,Beacn,e0:46:9a:51:be:eb,ADK's Web

1408744593,Radio,182,2437,1152,Beacn,40:70:09:58:5d:00,arisoup

1408744593,Radio,184,2437,1152,Beacn,04:c5:a4:c2:2f:00,nyu

1408744593,Radio,194,2437,1152,Beacn,04:c5:a4:92:5a:81,nyuguest

1408744593,Radio,185,2437,1152,Beacn,00:3a:98:36:82:70,itpsandbox

1408744593,Radio,170,2437,1152,Beacn,98:4b:e1:52:73:44,HP-nomodel.2B564A

1408744593,Radio,171,2437,1152,Beacn,00:1b:63:2b:67:62,mayur

1408744593,Radio,184,2437,1152,Beacn,04:c5:a4:c2:2f:01,nyuguest

1408744593,Radio,176,2437,1152,Beacn,04:c5:a4:92:4f:10,nyu

1408744593,Radio,167,2437,1152,Beacn,c0:c1:c0:97:d2:63,TiestoRocks

1408744593,Radio,195,2437,1152,Beacn,04:c5:a4:92:5a:80,nyu

1408744593,Radio,184,2437,1152,Beacn,04:c5:a4:c2:2f:03,nyupda

1408744593,Radio,174,2437,1152,Beacn,08:17:35:dd:b9:c2,NYU-ROAM3

1408744593,Radio,194,2437,1152,Beacn,04:c5:a4:92:5a:82,NYU-ROAM3

1408744593,Radio,176,2437,1152,Probe,00:0e:58:7a:ac:a1,HHID_Z96TSvl0r8qRfBFutW1QTXdme4D

1408744593,Radio,182,2437,1152,Beacn,40:70:09:58:5d:00,arisoup

1408744593,Radio,184,2437,1152,Beacn,04:c5:a4:c2:2f:00,nyu

1408744593,Radio,198,2437,1152,Probe,9e:e6:35:95:b3:23,Nintendo_3DS_continuous_scan_000

1408744593,Radio,185,2437,1152,Beacn,00:3a:98:36:82:70,itpsandbox

1408744593,Radio,166,2437,1152,Beacn,f8:e4:fb:c6:ea:13,ZNJGN

1408744593,Radio,184,2437,1152,Beacn,04:c5:a4:c2:2f:02,NYU-ROAM3

1408744593,Radio,170,2437,1152,Beacn,98:4b:e1:52:73:44,HP-nomodel.2B564A

1408744593,Radio,194,2437,1152,Beacn,04:c5:a4:92:5a:83,nyupda

1408744593,Radio,169,2437,1152,Beacn,68:7f:74:33:e0:a3,BFam-guest

1408744593,Radio,184,2437,1152,Beacn,04:c5:a4:c2:2f:01,nyuguest

1408744593,Radio,176,2437,1152,Beacn,04:c5:a4:92:4f:10,nyu

1408744593,Radio,194,2437,1152,Beacn,04:c5:a4:92:5a:80,nyu

1408744593,Radio,169,2437,1152,Beacn,fa:8f:ca:3f:41:e0,300mercer

1408744593,Radio,184,2437,1152,Beacn,04:c5:a4:c2:2f:03,nyupda

1408744593,Radio,177,2437,1152,Beacn,04:c5:a4:92:4f:12,NYU-ROAM3

1408744593,Radio,175,2437,1152,Beacn,08:17:35:dd:b9:c2,NYU-ROAM3

1408744593,Radio,182,2437,1152,Beacn,40:70:09:58:5d:00,arisoup

1408744593,Radio,184,2437,1152,Beacn,04:c5:a4:c2:2f:00,nyu

1408744593,Radio,169,2437,1152,Beacn,f8:ed:a5:35:7d:90,DG860A92

1408744593,Radio,171,2437,1152,Beacn,c0:c1:c0:96:5c:d3,Frank

1408744593,Radio,186,2437,1152,Beacn,00:3a:98:36:82:70,itpsandbox

1408744593,Radio,169,2437,1152,Beacn,98:4b:e1:52:73:44,HP-nomodel.2B564A

1408744593,Radio,194,2437,1152,Beacn,04:c5:a4:92:5a:83,nyupda

1408744593,Radio,170,2437,1152,Beacn,00:1b:63:2b:67:62,mayur

1408744593,Radio,184,2437,1152,Beacn,04:c5:a4:c2:2f:03,nyupda

1408744593,Radio,176,2437,1152,Beacn,04:c5:a4:92:4f:12,NYU-ROAM3

1408744593,Radio,174,2437,1152,Beacn,08:17:35:dd:b9:c2,NYU-ROAM3

1408744593,Radio,195,2437,1152,Beacn,04:c5:a4:92:5a:82,NYU-ROAM3

1408744593,Radio,173,2437,1152,Beacn,e0:46:9a:51:be:eb,ADK's Web

1408744593,Radio,175,2437,1152,Probe,00:0e:58:5c:42:7b,HHID_Z96TSvl0r8qRfBFutW1QTXdme4D

1408744593,Radio,183,2437,1152,Beacn,40:70:09:58:5d:00,arisoup

1408744593,Radio,176,2437,1152,Beacn,04:c5:a4:92:4f:11,nyuguest

1408744593,Radio,195,2437,1152,Beacn,04:c5:a4:92:5a:81,nyuguest

1408744593,Radio,185,2437,1152,Beacn,00:3a:98:36:82:70,itpsandbox

1408744593,Radio,184,2437,1152,Beacn,04:c5:a4:c2:2f:02,NYU-ROAM3

1408744593,Radio,174,2437,1152,Beacn,08:17:35:dd:b9:c3,nyupda

1408744593,Radio,185,2437,1152,Beacn,04:c5:a4:c2:2f:01,nyuguest

1408744593,Radio,194,2437,1152,Beacn,04:c5:a4:92:5a:80,nyu

1408744593,Radio,185,2437,1152,Beacn,04:c5:a4:c2:2f:03,nyupda

1408744593,Radio,177,2437,1152,Beacn,04:c5:a4:92:4f:12,NYU-ROAM3

1408744593,Radio,194,2437,1152,Beacn,04:c5:a4:92:5a:82,NYU-ROAM3

1408744593,Radio,177,2437,1152,Beacn,04:c5:a4:92:4f:11,nyuguest

1408744593,Radio,185,2437,1152,Beacn,04:c5:a4:c2:2f:00,nyu

1408744593,Radio,172,2437,1152,Beacn,c0:c1:c0:96:5c:d3,Frank

1408744593,Radio,194,2437,1152,Beacn,04:c5:a4:92:5a:81,nyuguest

1408744593,Radio,185,2437,1152,Beacn,00:3a:98:36:82:70,itpsandbox

1408744593,Radio,173,2437,1152,Beacn,1c:c1:de:d3:4c:b8,hpsetup

1408744593,Radio,195,2437,1152,Beacn,04:c5:a4:92:5a:83,nyupda

1408744593,Radio,172,2437,1152,Beacn,00:1b:63:2b:67:62,mayur

1408744593,Radio,195,2437,1152,Beacn,04:c5:a4:92:5a:80,nyu

1408744594,Radio,185,2437,1152,Beacn,04:c5:a4:c2:2f:03,nyupda

1408744594,Radio,194,2437,1152,Beacn,04:c5:a4:92:5a:82,NYU-ROAM3

1408744594,Radio,182,2437,1152,Beacn,40:70:09:58:5d:00,arisoup

1408744594,Radio,176,2437,1152,Beacn,04:c5:a4:92:4f:11,nyuguest

1408744594,Radio,194,2437,1152,Beacn,04:c5:a4:92:5a:81,nyuguest

1408744594,Radio,185,2437,1152,Beacn,00:3a:98:36:82:70,itpsandbox

1408744594,Radio,174,2437,1152,Beacn,1c:c1:de:d3:4c:b8,hpsetup

1408744594,Radio,195,2437,1152,Beacn,04:c5:a4:92:5a:83,nyupda

1408744594,Radio,173,2437,1152,Beacn,00:1b:63:2b:67:62,mayur

1408744594,Radio,185,2437,1152,Beacn,04:c5:a4:c2:2f:01,nyuguest

1408744594,Radio,177,2437,1152,Beacn,04:c5:a4:92:4f:10,nyu

1408744594,Radio,195,2437,1152,Beacn,04:c5:a4:92:5a:80,nyu

1408744594,Radio,184,2437,1152,Beacn,04:c5:a4:c2:2f:03,nyupda

1408744594,Radio,176,2437,1152,Beacn,04:c5:a4:92:4f:12,NYU-ROAM3

1408744594,Radio,173,2437,1152,Beacn,e0:46:9a:51:be:eb,ADK's Web

1408744594,Radio,174,2437,1152,Beacn,08:17:35:dd:b9:c2,NYU-ROAM3

1408744594,Radio,194,2437,1152,Beacn,04:c5:a4:92:5a:82,NYU-ROAM3

1408744594,Radio,182,2437,1152,Beacn,40:70:09:58:5d:00,arisoup

1408744594,Radio,185,2437,1152,Beacn,04:c5:a4:c2:2f:00,nyu

1408744594,Radio,194,2437,1152,Beacn,04:c5:a4:92:5a:81,nyuguest

1408744594,Radio,185,2437,1152,Beacn,00:3a:98:36:82:70,itpsandbox

1408744594,Radio,198,2437,1152,Probe,9e:e6:35:95:b3:23,Nintendo_3DS_continuous_scan_000

1408744594,Radio,176,2437,1152,Beacn,04:c5:a4:92:4f:13,nyupda

1408744594,Radio,174,2437,1152,Beacn,98:4b:e1:52:73:44,HP-nomodel.2B564A

1408744594,Radio,185,2437,1152,Beacn,04:c5:a4:c2:2f:02,NYU-ROAM3

1408744594,Radio,171,2437,1152,Beacn,00:1b:63:2b:67:62,mayur

1408744594,Radio,185,2437,1152,Beacn,04:c5:a4:c2:2f:01,nyuguest

1408744594,Radio,168,2437,1152,Beacn,fa:8f:ca:3f:41:e0,300mercer

1408744594,Radio,175,2437,1152,Beacn,08:17:35:dd:b9:c0,nyu

1408744594,Radio,194,2437,1152,Beacn,04:c5:a4:92:5a:80,nyu

1408744594,Radio,184,2437,1152,Beacn,04:c5:a4:c2:2f:03,nyupda

1408744594,Radio,194,2437,1152,Beacn,04:c5:a4:92:5a:82,NYU-ROAM3

1408744594,Radio,183,2437,1152,Beacn,40:70:09:58:5d:00,arisoup

1408744594,Radio,170,2437,1152,Beacn,f8:ed:a5:35:7d:90,DG860A92

1408744594,Radio,169,2437,1152,Beacn,c0:c1:c0:96:5c:d3,Frank

1408744594,Radio,185,2437,1152,Beacn,04:c5:a4:c2:2f:00,nyu

1408744594,Radio,185,2437,1152,Beacn,00:3a:98:36:82:70,itpsandbox

1408744594,Radio,195,2437,1152,Beacn,04:c5:a4:92:5a:81,nyuguest

1408744594,Radio,185,2437,1152,Beacn,04:c5:a4:c2:2f:02,NYU-ROAM3

1408744594,Radio,195,2437,1152,Beacn,04:c5:a4:92:5a:83,nyupda
